This file contains any messages produced by compilers while
running configure, to aid debugging if configure makes a mistake.

It was created by libressl configure 3.5.3, which was
generated by GNU Autoconf 2.69.  Invocation command line was

  $ ./configure 

## --------- ##
## Platform. ##
## --------- ##

hostname = macprolate2013
uname -m = x86_64
uname -r = 3.3.5-341.x86_64
uname -s = MSYS_NT-10.0-19045
uname -v = 2022-07-04 21:33 UTC

/usr/bin/uname -p = unknown
/bin/uname -X     = unknown

/bin/arch              = x86_64
/usr/bin/arch -k       = unknown
/usr/convex/getsysinfo = unknown
/usr/bin/hostinfo      = unknown
/bin/machine           = unknown
/usr/bin/oslevel       = unknown
/bin/universe          = unknown

PATH: /usr/local/bin
PATH: /usr/bin
PATH: /bin
PATH: /opt/bin
PATH: /c/Windows/System32
PATH: /c/Windows
PATH: /c/Windows/System32/Wbem
PATH: /c/Windows/System32/WindowsPowerShell/v1.0/
PATH: /usr/bin/site_perl
PATH: /usr/bin/vendor_perl
PATH: /usr/bin/core_perl


## ----------- ##
## Core tests. ##
## ----------- ##

configure:2444: loading site script /etc/config.site
| # This file is in public domain.
| # Original author: Karlson2k (Evgeny Grin)
| # Written for MSys2 to help running 'configure' scripts
| 
| # Defaults for MSys2/MinGW64-targeted programs
| 
| # Set proper selfname on bash and fallback to default name on other shells
| test -n "${BASH_SOURCE}" 2>/dev/null && config_site_me="${BASH_SOURCE[0]##*/}" || config_site_me=config.site
| 
| # Set default 'host' to speedup configure
| if test -z "$build_alias"; then
|   build_alias="${MSYSTEM_CHOST}"  && \
|     ${as_echo-echo} "$config_site_me:${as_lineno-$LINENO}: default build_alias set to $build_alias" >&5
| fi
| 
| # Set default 'prefix'
| if ( test -z "$prefix" || test "x$prefix" = "xNONE" ) && \
|     ( test -z "$exec_prefix" || test "x$exec_prefix" = "xNONE" ); then
|   prefix="${MSYSTEM_PREFIX}" && \
|     ${as_echo-echo} "$config_site_me:${as_lineno-$LINENO}: default prefix set to $prefix" >&5
| fi
config.site:13: default build_alias set to x86_64-pc-msys
config.site:20: default prefix set to /usr
configure:2580: checking build system type
configure:2594: result: x86_64-pc-msys
configure:2614: checking host system type
configure:2627: result: x86_64-pc-msys
configure:2663: checking for a BSD-compatible install
configure:2731: result: /usr/bin/install -c
configure:2742: checking whether build environment is sane
configure:2797: result: yes
configure:2943: checking for a thread-safe mkdir -p
configure:2982: result: /usr/bin/mkdir -p
configure:2989: checking for gawk
configure:3005: found /usr/bin/gawk
configure:3016: result: gawk
configure:3027: checking whether make sets $(MAKE)
configure:3049: result: yes
configure:3078: checking whether make supports nested variables
configure:3095: result: yes
configure:3234: checking whether make supports nested variables
configure:3251: result: yes
configure:3320: checking for cc
configure:3336: found /usr/bin/cc
configure:3347: result: cc
configure:3378: checking for C compiler version
configure:3387: cc --version >&5
cc (GCC) 11.3.0
Copyright (C) 2021 Free Software Foundation, Inc.
This is free software; see the source for copying conditions.  There is NO
warranty; not even for MERCHANTABILITY or FITNESS FOR A PARTICULAR PURPOSE.

configure:3398: $? = 0
configure:3387: cc -v >&5
Using built-in specs.
COLLECT_GCC=cc
COLLECT_LTO_WRAPPER=/usr/lib/gcc/x86_64-pc-msys/11.3.0/lto-wrapper.exe
Target: x86_64-pc-msys
Configured with: /c/S/gcc/src/gcc-11.3.0/configure --build=x86_64-pc-msys --prefix=/usr --libexecdir=/usr/lib --enable-bootstrap --enable-shared --enable-shared-libgcc --enable-static --enable-version-specific-runtime-libs --with-arch=x86-64 --with-tune=generic --disable-multilib --enable-__cxa_atexit --with-dwarf2 --enable-languages=c,c++,fortran,lto --enable-graphite --enable-threads=posix --enable-libatomic --enable-libgomp --disable-libitm --enable-libquadmath --enable-libquadmath-support --disable-libssp --disable-win32-registry --disable-symvers --with-gnu-ld --with-gnu-as --disable-isl-version-check --enable-checking=release --without-libiconv-prefix --without-libintl-prefix --with-system-zlib --enable-linker-build-id --with-default-libstdcxx-abi=gcc4-compatible --enable-libstdcxx-filesystem-ts
Thread model: posix
Supported LTO compression algorithms: zlib
gcc version 11.3.0 (GCC) 
configure:3398: $? = 0
configure:3387: cc -V >&5
cc: error: unrecognized command-line option '-V'
cc: fatal error: no input files
compilation terminated.
configure:3398: $? = 1
configure:3387: cc -qversion >&5
cc: error: unrecognized command-line option '-qversion'; did you mean '--version'?
cc: fatal error: no input files
compilation terminated.
configure:3398: $? = 1
configure:3418: checking whether the C compiler works
configure:3440: cc    conftest.c  >&5
configure:3444: $? = 0
configure:3492: result: yes
configure:3495: checking for C compiler default output file name
configure:3497: result: a.exe
configure:3503: checking for suffix of executables
configure:3510: cc -o conftest.exe    conftest.c  >&5
configure:3514: $? = 0
configure:3536: result: .exe
configure:3558: checking whether we are cross compiling
configure:3566: cc -o conftest.exe    conftest.c  >&5
configure:3570: $? = 0
configure:3577: ./conftest.exe
configure:3581: $? = 0
configure:3596: result: no
configure:3601: checking for suffix of object files
configure:3623: cc -c   conftest.c >&5
configure:3627: $? = 0
configure:3648: result: o
configure:3652: checking whether we are using the GNU C compiler
configure:3671: cc -c   conftest.c >&5
configure:3671: $? = 0
configure:3680: result: yes
configure:3689: checking whether cc accepts -g
configure:3709: cc -c -g  conftest.c >&5
configure:3709: $? = 0
configure:3750: result: yes
configure:3767: checking for cc option to accept ISO C89
configure:3830: cc  -c -g -O2  conftest.c >&5
configure:3830: $? = 0
configure:3843: result: none needed
configure:3868: checking whether cc understands -c and -o together
configure:3890: cc -c conftest.c -o conftest2.o
configure:3893: $? = 0
configure:3890: cc -c conftest.c -o conftest2.o
configure:3893: $? = 0
configure:3905: result: yes
configure:3925: checking whether make supports the include directive
configure:3940: make -f confmf.GNU && cat confinc.out
this is the am__doit target
configure:3943: $? = 0
configure:3962: result: yes (GNU style)
configure:3987: checking dependency style of cc
configure:4098: result: gcc3
configure:4160: checking how to print strings
configure:4187: result: printf
configure:4208: checking for a sed that does not truncate output
configure:4272: result: /usr/bin/sed
configure:4290: checking for grep that handles long lines and -e
configure:4348: result: /usr/bin/grep
configure:4353: checking for egrep
configure:4415: result: /usr/bin/grep -E
configure:4420: checking for fgrep
configure:4482: result: /usr/bin/grep -F
configure:4517: checking for ld used by cc
configure:4584: result: /usr/x86_64-pc-msys/bin/ld.exe
configure:4591: checking if the linker (/usr/x86_64-pc-msys/bin/ld.exe) is GNU ld
configure:4606: result: yes
configure:4618: checking for BSD- or MS-compatible name lister (nm)
configure:4667: result: /usr/bin/nm -B
configure:4797: checking the name lister (/usr/bin/nm -B) interface
configure:4804: cc -c -g -O2  conftest.c >&5
configure:4807: /usr/bin/nm -B "conftest.o"
configure:4810: output
0000000000000000 b .bss
0000000000000000 d .data
0000000000000000 N .debug_abbrev
0000000000000000 N .debug_aranges
0000000000000000 N .debug_info
0000000000000000 N .debug_line
0000000000000000 N .debug_line_str
0000000000000000 r .rdata$zzz
0000000000000000 t .text
0000000000000000 B some_variable
configure:4817: result: BSD nm
configure:4820: checking whether ln -s works
configure:4827: result: no, using cp -pR
configure:4832: checking the maximum length of command line arguments
configure:4962: result: 24000
configure:4979: checking whether the shell understands some XSI constructs
configure:4989: result: yes
configure:4993: checking whether the shell understands "+="
configure:4999: result: yes
configure:5034: checking how to convert x86_64-pc-msys file names to x86_64-pc-msys format
configure:5074: result: func_convert_file_noop
configure:5081: checking how to convert x86_64-pc-msys file names to toolchain format
configure:5101: result: func_convert_file_noop
configure:5108: checking for /usr/x86_64-pc-msys/bin/ld.exe option to reload object files
configure:5115: result: -r
configure:5189: checking for objdump
configure:5205: found /usr/bin/objdump
configure:5216: result: objdump
configure:5248: checking how to recognize dependent libraries
configure:5450: result: unknown
configure:5535: checking for dlltool
configure:5551: found /usr/bin/dlltool
configure:5562: result: dlltool
configure:5595: checking how to associate runtime and link libraries
configure:5622: result: printf %s\n
configure:5683: checking for ar
configure:5699: found /usr/bin/ar
configure:5710: result: ar
configure:5747: checking for archiver @FILE support
configure:5764: cc -c -g -O2  conftest.c >&5
configure:5764: $? = 0
configure:5767: ar cru libconftest.a @conftest.lst >&5
configure:5770: $? = 0
configure:5775: ar cru libconftest.a @conftest.lst >&5
ar: conftest.o: No such file or directory
configure:5778: $? = 1
configure:5790: result: @
configure:5848: checking for strip
configure:5864: found /usr/bin/strip
configure:5875: result: strip
configure:5947: checking for ranlib
configure:5963: found /usr/bin/ranlib
configure:5974: result: ranlib
configure:6076: checking command to parse /usr/bin/nm -B output from cc object
configure:6196: cc -c -g -O2  conftest.c >&5
configure:6199: $? = 0
configure:6203: /usr/bin/nm -B conftest.o \| sed -n -e 's/^.*[ ]\([ABCDGIRSTW][ABCDGIRSTW]*\)[ ][ ]*\([_A-Za-z][_A-Za-z0-9]*\)$/\1 \2 \2/p' | sed '/ __gnu_lto/d' \> conftest.nm
configure:6206: $? = 0
configure:6272: cc -o conftest.exe -g -O2   conftest.c conftstm.o >&5
configure:6275: $? = 0
configure:6313: result: ok
configure:6350: checking for sysroot
configure:6380: result: no
configure:6636: checking for mt
configure:6666: result: no
configure:6686: checking if : is a manifest tool
configure:6692: : '-?'
configure:6700: result: no
configure:7342: checking how to run the C preprocessor
configure:7373: cc -E  conftest.c
configure:7373: $? = 0
configure:7387: cc -E  conftest.c
conftest.c:11:10: fatal error: ac_nonexistent.h: No such file or directory
   11 | #include <ac_nonexistent.h>
      |          ^~~~~~~~~~~~~~~~~~
compilation terminated.
configure:7387: $? = 1
configure: failed program was:
| /* confdefs.h */
| #define PACKAGE_NAME "libressl"
| #define PACKAGE_TARNAME "libressl"
| #define PACKAGE_VERSION "3.5.3"
| #define PACKAGE_STRING "libressl 3.5.3"
| #define PACKAGE_BUGREPORT ""
| #define PACKAGE_URL ""
| #define PACKAGE "libressl"
| #define VERSION "3.5.3"
| /* end confdefs.h.  */
| #include <ac_nonexistent.h>
configure:7412: result: cc -E
configure:7432: cc -E  conftest.c
configure:7432: $? = 0
configure:7446: cc -E  conftest.c
conftest.c:11:10: fatal error: ac_nonexistent.h: No such file or directory
   11 | #include <ac_nonexistent.h>
      |          ^~~~~~~~~~~~~~~~~~
compilation terminated.
configure:7446: $? = 1
configure: failed program was:
| /* confdefs.h */
| #define PACKAGE_NAME "libressl"
| #define PACKAGE_TARNAME "libressl"
| #define PACKAGE_VERSION "3.5.3"
| #define PACKAGE_STRING "libressl 3.5.3"
| #define PACKAGE_BUGREPORT ""
| #define PACKAGE_URL ""
| #define PACKAGE "libressl"
| #define VERSION "3.5.3"
| /* end confdefs.h.  */
| #include <ac_nonexistent.h>
configure:7475: checking for ANSI C header files
configure:7495: cc -c -g -O2  conftest.c >&5
configure:7495: $? = 0
configure:7568: cc -o conftest.exe -g -O2   conftest.c  >&5
configure:7568: $? = 0
configure:7568: ./conftest.exe
configure:7568: $? = 0
configure:7579: result: yes
configure:7592: checking for sys/types.h
configure:7592: cc -c -g -O2  conftest.c >&5
configure:7592: $? = 0
configure:7592: result: yes
configure:7592: checking for sys/stat.h
configure:7592: cc -c -g -O2  conftest.c >&5
configure:7592: $? = 0
configure:7592: result: yes
configure:7592: checking for stdlib.h
configure:7592: cc -c -g -O2  conftest.c >&5
configure:7592: $? = 0
configure:7592: result: yes
configure:7592: checking for string.h
configure:7592: cc -c -g -O2  conftest.c >&5
configure:7592: $? = 0
configure:7592: result: yes
configure:7592: checking for memory.h
configure:7592: cc -c -g -O2  conftest.c >&5
configure:7592: $? = 0
configure:7592: result: yes
configure:7592: checking for strings.h
configure:7592: cc -c -g -O2  conftest.c >&5
configure:7592: $? = 0
configure:7592: result: yes
configure:7592: checking for inttypes.h
configure:7592: cc -c -g -O2  conftest.c >&5
configure:7592: $? = 0
configure:7592: result: yes
configure:7592: checking for stdint.h
configure:7592: cc -c -g -O2  conftest.c >&5
configure:7592: $? = 0
configure:7592: result: yes
configure:7592: checking for unistd.h
configure:7592: cc -c -g -O2  conftest.c >&5
configure:7592: $? = 0
configure:7592: result: yes
configure:7606: checking for dlfcn.h
configure:7606: cc -c -g -O2  conftest.c >&5
configure:7606: $? = 0
configure:7606: result: yes
configure:7811: checking for objdir
configure:7826: result: .libs
configure:8097: checking if cc supports -fno-rtti -fno-exceptions
configure:8115: cc -c -g -O2  -fno-rtti -fno-exceptions conftest.c >&5
cc1: warning: command-line option '-fno-rtti' is valid for C++/D/ObjC++ but not for C
configure:8119: $? = 0
configure:8132: result: no
configure:8459: checking for cc option to produce PIC
configure:8466: result: -fPIC -DPIC
configure:8474: checking if cc PIC flag -fPIC -DPIC works
configure:8492: cc -c -g -O2  -fPIC -DPIC -DPIC conftest.c >&5
configure:8496: $? = 0
configure:8509: result: yes
configure:8538: checking if cc static flag -static works
configure:8566: result: yes
configure:8581: checking if cc supports -c -o file.o
configure:8602: cc -c -g -O2  -o out/conftest2.o conftest.c >&5
configure:8606: $? = 0
configure:8628: result: yes
configure:8636: checking if cc supports -c -o file.o
configure:8683: result: yes
configure:8716: checking whether the cc linker (/usr/x86_64-pc-msys/bin/ld.exe) supports shared libraries
configure:9869: result: yes
configure:9906: checking whether -lc should be explicitly linked in
configure:9914: cc -c -g -O2  conftest.c >&5
configure:9917: $? = 0
configure:9932: cc -shared  -fPIC -DPIC conftest.o  -v -Wl,-soname -Wl,conftest -o conftest 2\>\&1 \| /usr/bin/grep  -lc  \>/dev/null 2\>\&1
configure:9935: $? = 1
configure:9949: result: yes
configure:10109: checking dynamic linker characteristics
configure:10842: result: no
configure:10949: checking how to hardcode library paths into programs
configure:10974: result: immediate
configure:11514: checking whether stripping libraries is possible
configure:11519: result: yes
configure:11554: checking if libtool supports shared libraries
configure:11556: result: no
configure:11559: checking whether to build shared libraries
configure:11580: result: no
configure:11583: checking whether to build static libraries
configure:11587: result: yes
configure:11805: checking size of time_t
configure:11810: cc -o conftest.exe -g -O2 -Wall -std=gnu99 -fno-strict-aliasing   conftest.c  >&5
configure:11810: $? = 0
configure:11810: ./conftest.exe
configure:11810: $? = 0
configure:11824: result: 8
configure:11975: checking if cc supports "-fno-strict-overflow"
configure:11990: ./scripts/wrap-compiler-for-flag-check cc -o conftest.exe -fno-strict-overflow -Wall -Werror   conftest.c  >&5

configure:11990: $? = 0
configure:11991: result: yes
configure:12011: checking whether C compiler accepts -Werror
configure:12030: ./scripts/wrap-compiler-for-flag-check cc -c -g -O2 -Wall -std=gnu99 -fno-strict-aliasing  -Werror  conftest.c >&5

configure:12030: $? = 0
configure:12038: result: yes
configure:12046: checking whether to add -D_FORTIFY_SOURCE=2 to CPPFLAGS
configure:12067: ./scripts/wrap-compiler-for-flag-check cc -o conftest.exe -g -O2 -Wall -std=gnu99 -fno-strict-aliasing -Werror   conftest.c  >&5

configure:12067: $? = 0
configure:12082: ./scripts/wrap-compiler-for-flag-check cc -o conftest.exe -g -O2 -Wall -std=gnu99 -fno-strict-aliasing -Werror   conftest.c  >&5

configure:12082: $? = 0
configure:12084: result: yes
configure:12114: checking if /usr/x86_64-pc-msys/bin/ld.exe supports "-Wl,-z,relro"
configure:12129: ./scripts/wrap-compiler-for-flag-check cc -o conftest.exe -g -O2 -Wall -std=gnu99 -fno-strict-aliasing  -D_FORTIFY_SOURCE=2 -Wl,-z,relro -Wall -Werror conftest.c  >&5
/usr/lib/gcc/x86_64-pc-msys/11.3.0/../../../../x86_64-pc-msys/bin/ld: unrecognized option '-z'
/usr/lib/gcc/x86_64-pc-msys/11.3.0/../../../../x86_64-pc-msys/bin/ld: use the --help option for usage information
collect2: error: ld returned 1 exit status
configure:12129: $? = 1
configure: failed program was:
| /* confdefs.h */
| #define PACKAGE_NAME "libressl"
| #define PACKAGE_TARNAME "libressl"
| #define PACKAGE_VERSION "3.5.3"
| #define PACKAGE_STRING "libressl 3.5.3"
| #define PACKAGE_BUGREPORT ""
| #define PACKAGE_URL ""
| #define PACKAGE "libressl"
| #define VERSION "3.5.3"
| #define STDC_HEADERS 1
| #define HAVE_SYS_TYPES_H 1
| #define HAVE_SYS_STAT_H 1
| #define HAVE_STDLIB_H 1
| #define HAVE_STRING_H 1
| #define HAVE_MEMORY_H 1
| #define HAVE_STRINGS_H 1
| #define HAVE_INTTYPES_H 1
| #define HAVE_STDINT_H 1
| #define HAVE_UNISTD_H 1
| #define HAVE_DLFCN_H 1
| #define LT_OBJDIR ".libs/"
| #define SIZEOF_TIME_T 8
| /* end confdefs.h.  */
| #include <stdio.h>
| int
| main ()
| {
| printf("Hello")
|   ;
|   return 0;
| }
configure:12135: result: no
configure:12145: checking if /usr/x86_64-pc-msys/bin/ld.exe supports "-Wl,-z,now"
configure:12160: ./scripts/wrap-compiler-for-flag-check cc -o conftest.exe -g -O2 -Wall -std=gnu99 -fno-strict-aliasing  -D_FORTIFY_SOURCE=2 -Wl,-z,now -Wall -Werror conftest.c  >&5
/usr/lib/gcc/x86_64-pc-msys/11.3.0/../../../../x86_64-pc-msys/bin/ld: unrecognized option '-z'
/usr/lib/gcc/x86_64-pc-msys/11.3.0/../../../../x86_64-pc-msys/bin/ld: use the --help option for usage information
collect2: error: ld returned 1 exit status
configure:12160: $? = 1
configure: failed program was:
| /* confdefs.h */
| #define PACKAGE_NAME "libressl"
| #define PACKAGE_TARNAME "libressl"
| #define PACKAGE_VERSION "3.5.3"
| #define PACKAGE_STRING "libressl 3.5.3"
| #define PACKAGE_BUGREPORT ""
| #define PACKAGE_URL ""
| #define PACKAGE "libressl"
| #define VERSION "3.5.3"
| #define STDC_HEADERS 1
| #define HAVE_SYS_TYPES_H 1
| #define HAVE_SYS_STAT_H 1
| #define HAVE_STDLIB_H 1
| #define HAVE_STRING_H 1
| #define HAVE_MEMORY_H 1
| #define HAVE_STRINGS_H 1
| #define HAVE_INTTYPES_H 1
| #define HAVE_STDINT_H 1
| #define HAVE_UNISTD_H 1
| #define HAVE_DLFCN_H 1
| #define LT_OBJDIR ".libs/"
| #define SIZEOF_TIME_T 8
| /* end confdefs.h.  */
| #include <stdio.h>
| int
| main ()
| {
| printf("Hello")
|   ;
|   return 0;
| }
configure:12166: result: no
configure:12280: checking if cc supports "-fstack-protector-strong"
configure:12295: ./scripts/wrap-compiler-for-flag-check cc -o conftest.exe -fstack-protector-strong -Wall -Werror  -D_FORTIFY_SOURCE=2  conftest.c  >&5

configure:12295: $? = 0
configure:12296: result: yes
configure:12418: checking whether AS supports .note.GNU-stack
configure:12432: cc -c   -D_FORTIFY_SOURCE=2 conftest.c >&5
/tmp/ccYn9K0M.s: Assembler messages:
/tmp/ccYn9K0M.s:4: Error: junk at end of line, first unrecognized character is `-'
configure:12432: $? = 1
configure: failed program was:
| /* confdefs.h */
| #define PACKAGE_NAME "libressl"
| #define PACKAGE_TARNAME "libressl"
| #define PACKAGE_VERSION "3.5.3"
| #define PACKAGE_STRING "libressl 3.5.3"
| #define PACKAGE_BUGREPORT ""
| #define PACKAGE_URL ""
| #define PACKAGE "libressl"
| #define VERSION "3.5.3"
| #define STDC_HEADERS 1
| #define HAVE_SYS_TYPES_H 1
| #define HAVE_SYS_STAT_H 1
| #define HAVE_STDLIB_H 1
| #define HAVE_STRING_H 1
| #define HAVE_MEMORY_H 1
| #define HAVE_STRINGS_H 1
| #define HAVE_INTTYPES_H 1
| #define HAVE_STDINT_H 1
| #define HAVE_UNISTD_H 1
| #define HAVE_DLFCN_H 1
| #define LT_OBJDIR ".libs/"
| #define SIZEOF_TIME_T 8
| /* end confdefs.h.  */
| 
| 	__asm__(".section .note.GNU-stack,\"\",@progbits");
| int
| main ()
| {
| 
|   ;
|   return 0;
| }
configure:12437: result: no
configure:12453: checking dependency style of cc
configure:12562: result: gcc3
configure:12581: checking if compiling with clang
configure:12598: cc -c -g -O2 -Wall -std=gnu99 -fno-strict-aliasing  -fno-strict-overflow -fstack-protector-strong   -D_FORTIFY_SOURCE=2 conftest.c >&5
conftest.c: In function 'main':
conftest.c:30:9: error: unknown type name 'not'
   30 |         not clang
      |         ^~~
conftest.c:30:13: warning: unused variable 'clang' [-Wunused-variable]
   30 |         not clang
      |             ^~~~~
configure:12598: $? = 1
configure: failed program was:
| /* confdefs.h */
| #define PACKAGE_NAME "libressl"
| #define PACKAGE_TARNAME "libressl"
| #define PACKAGE_VERSION "3.5.3"
| #define PACKAGE_STRING "libressl 3.5.3"
| #define PACKAGE_BUGREPORT ""
| #define PACKAGE_URL ""
| #define PACKAGE "libressl"
| #define VERSION "3.5.3"
| #define STDC_HEADERS 1
| #define HAVE_SYS_TYPES_H 1
| #define HAVE_SYS_STAT_H 1
| #define HAVE_STDLIB_H 1
| #define HAVE_STRING_H 1
| #define HAVE_MEMORY_H 1
| #define HAVE_STRINGS_H 1
| #define HAVE_INTTYPES_H 1
| #define HAVE_STDINT_H 1
| #define HAVE_UNISTD_H 1
| #define HAVE_DLFCN_H 1
| #define LT_OBJDIR ".libs/"
| #define SIZEOF_TIME_T 8
| /* end confdefs.h.  */
| 
| int
| main ()
| {
| 
| #ifndef __clang__
| 	not clang
| #endif
| 
|   ;
|   return 0;
| }
configure:12605: result: no
configure:12617: checking whether CC supports -Wno-pointer-sign
configure:12630: cc -c -Wno-pointer-sign  -D_FORTIFY_SOURCE=2 conftest.c >&5
configure:12630: $? = 0
configure:12631: result: yes
configure:12646: checking for symlink
configure:12646: cc -o conftest.exe -g -O2 -Wall -std=gnu99 -fno-strict-aliasing  -fno-strict-overflow -fstack-protector-strong   -Wno-pointer-sign  -D_FORTIFY_SOURCE=2    conftest.c  >&5
configure:12646: $? = 0
configure:12646: result: yes
configure:12665: checking for funopen
configure:12665: cc -o conftest.exe -g -O2 -Wall -std=gnu99 -fno-strict-aliasing  -fno-strict-overflow -fstack-protector-strong   -Wno-pointer-sign  -D_FORTIFY_SOURCE=2    conftest.c  >&5
configure:12665: $? = 0
configure:12665: result: yes
configure:12676: checking endian.h usability
configure:12676: cc -c -g -O2 -Wall -std=gnu99 -fno-strict-aliasing  -fno-strict-overflow -fstack-protector-strong   -Wno-pointer-sign  -D_FORTIFY_SOURCE=2 conftest.c >&5
configure:12676: $? = 0
configure:12676: result: yes
configure:12676: checking endian.h presence
configure:12676: cc -E  -D_FORTIFY_SOURCE=2 conftest.c
configure:12676: $? = 0
configure:12676: result: yes
configure:12676: checking for endian.h
configure:12676: result: yes
configure:12676: checking err.h usability
configure:12676: cc -c -g -O2 -Wall -std=gnu99 -fno-strict-aliasing  -fno-strict-overflow -fstack-protector-strong   -Wno-pointer-sign  -D_FORTIFY_SOURCE=2 conftest.c >&5
configure:12676: $? = 0
configure:12676: result: yes
configure:12676: checking err.h presence
configure:12676: cc -E  -D_FORTIFY_SOURCE=2 conftest.c
configure:12676: $? = 0
configure:12676: result: yes
configure:12676: checking for err.h
configure:12676: result: yes
configure:12676: checking readpassphrase.h usability
configure:12676: cc -c -g -O2 -Wall -std=gnu99 -fno-strict-aliasing  -fno-strict-overflow -fstack-protector-strong   -Wno-pointer-sign  -D_FORTIFY_SOURCE=2 conftest.c >&5
conftest.c:60:10: fatal error: readpassphrase.h: No such file or directory
   60 | #include <readpassphrase.h>
      |          ^~~~~~~~~~~~~~~~~~
compilation terminated.
configure:12676: $? = 1
configure: failed program was:
| /* confdefs.h */
| #define PACKAGE_NAME "libressl"
| #define PACKAGE_TARNAME "libressl"
| #define PACKAGE_VERSION "3.5.3"
| #define PACKAGE_STRING "libressl 3.5.3"
| #define PACKAGE_BUGREPORT ""
| #define PACKAGE_URL ""
| #define PACKAGE "libressl"
| #define VERSION "3.5.3"
| #define STDC_HEADERS 1
| #define HAVE_SYS_TYPES_H 1
| #define HAVE_SYS_STAT_H 1
| #define HAVE_STDLIB_H 1
| #define HAVE_STRING_H 1
| #define HAVE_MEMORY_H 1
| #define HAVE_STRINGS_H 1
| #define HAVE_INTTYPES_H 1
| #define HAVE_STDINT_H 1
| #define HAVE_UNISTD_H 1
| #define HAVE_DLFCN_H 1
| #define LT_OBJDIR ".libs/"
| #define SIZEOF_TIME_T 8
| #define HAVE_SYMLINK 1
| #define HAVE_ENDIAN_H 1
| #define HAVE_ERR_H 1
| /* end confdefs.h.  */
| #include <stdio.h>
| #ifdef HAVE_SYS_TYPES_H
| # include <sys/types.h>
| #endif
| #ifdef HAVE_SYS_STAT_H
| # include <sys/stat.h>
| #endif
| #ifdef STDC_HEADERS
| # include <stdlib.h>
| # include <stddef.h>
| #else
| # ifdef HAVE_STDLIB_H
| #  include <stdlib.h>
| # endif
| #endif
| #ifdef HAVE_STRING_H
| # if !defined STDC_HEADERS && defined HAVE_MEMORY_H
| #  include <memory.h>
| # endif
| # include <string.h>
| #endif
| #ifdef HAVE_STRINGS_H
| # include <strings.h>
| #endif
| #ifdef HAVE_INTTYPES_H
| # include <inttypes.h>
| #endif
| #ifdef HAVE_STDINT_H
| # include <stdint.h>
| #endif
| #ifdef HAVE_UNISTD_H
| # include <unistd.h>
| #endif
| #include <readpassphrase.h>
configure:12676: result: no
configure:12676: checking readpassphrase.h presence
configure:12676: cc -E  -D_FORTIFY_SOURCE=2 conftest.c
conftest.c:27:10: fatal error: readpassphrase.h: No such file or directory
   27 | #include <readpassphrase.h>
      |          ^~~~~~~~~~~~~~~~~~
compilation terminated.
configure:12676: $? = 1
configure: failed program was:
| /* confdefs.h */
| #define PACKAGE_NAME "libressl"
| #define PACKAGE_TARNAME "libressl"
| #define PACKAGE_VERSION "3.5.3"
| #define PACKAGE_STRING "libressl 3.5.3"
| #define PACKAGE_BUGREPORT ""
| #define PACKAGE_URL ""
| #define PACKAGE "libressl"
| #define VERSION "3.5.3"
| #define STDC_HEADERS 1
| #define HAVE_SYS_TYPES_H 1
| #define HAVE_SYS_STAT_H 1
| #define HAVE_STDLIB_H 1
| #define HAVE_STRING_H 1
| #define HAVE_MEMORY_H 1
| #define HAVE_STRINGS_H 1
| #define HAVE_INTTYPES_H 1
| #define HAVE_STDINT_H 1
| #define HAVE_UNISTD_H 1
| #define HAVE_DLFCN_H 1
| #define LT_OBJDIR ".libs/"
| #define SIZEOF_TIME_T 8
| #define HAVE_SYMLINK 1
| #define HAVE_ENDIAN_H 1
| #define HAVE_ERR_H 1
| /* end confdefs.h.  */
| #include <readpassphrase.h>
configure:12676: result: no
configure:12676: checking for readpassphrase.h
configure:12676: result: no
configure:12688: checking for netinet/ip.h
configure:12688: cc -c -g -O2 -Wall -std=gnu99 -fno-strict-aliasing  -fno-strict-overflow -fstack-protector-strong   -Wno-pointer-sign  -D_FORTIFY_SOURCE=2 conftest.c >&5
configure:12688: $? = 0
configure:12688: result: yes
configure:12704: checking for sys/types.h
configure:12704: result: yes
configure:12704: checking for netinet/in.h
configure:12704: cc -c -g -O2 -Wall -std=gnu99 -fno-strict-aliasing  -fno-strict-overflow -fstack-protector-strong   -Wno-pointer-sign  -D_FORTIFY_SOURCE=2 conftest.c >&5
configure:12704: $? = 0
configure:12704: result: yes
configure:12704: checking for arpa/nameser.h
configure:12704: cc -c -g -O2 -Wall -std=gnu99 -fno-strict-aliasing  -fno-strict-overflow -fstack-protector-strong   -Wno-pointer-sign  -D_FORTIFY_SOURCE=2 conftest.c >&5
configure:12704: $? = 0
configure:12704: result: yes
configure:12704: checking for netdb.h
configure:12704: cc -c -g -O2 -Wall -std=gnu99 -fno-strict-aliasing  -fno-strict-overflow -fstack-protector-strong   -Wno-pointer-sign  -D_FORTIFY_SOURCE=2 conftest.c >&5
configure:12704: $? = 0
configure:12704: result: yes
configure:12704: checking for resolv.h
configure:12704: cc -c -g -O2 -Wall -std=gnu99 -fno-strict-aliasing  -fno-strict-overflow -fstack-protector-strong   -Wno-pointer-sign  -D_FORTIFY_SOURCE=2 conftest.c >&5
configure:12704: $? = 0
configure:12704: result: yes
configure:12731: checking for asprintf
configure:12731: cc -o conftest.exe -g -O2 -Wall -std=gnu99 -fno-strict-aliasing  -fno-strict-overflow -fstack-protector-strong   -Wno-pointer-sign  -D_FORTIFY_SOURCE=2    conftest.c  >&5
configure:12731: $? = 0
configure:12731: result: yes
configure:12731: checking for freezero
configure:12731: cc -o conftest.exe -g -O2 -Wall -std=gnu99 -fno-strict-aliasing  -fno-strict-overflow -fstack-protector-strong   -Wno-pointer-sign  -D_FORTIFY_SOURCE=2    conftest.c  >&5
/usr/lib/gcc/x86_64-pc-msys/11.3.0/../../../../x86_64-pc-msys/bin/ld: /tmp/ccAPTUBD.o: in function `main':
/c/libressl-3.5.3/conftest.c:68: undefined reference to `freezero'
collect2: error: ld returned 1 exit status
configure:12731: $? = 1
configure: failed program was:
| /* confdefs.h */
| #define PACKAGE_NAME "libressl"
| #define PACKAGE_TARNAME "libressl"
| #define PACKAGE_VERSION "3.5.3"
| #define PACKAGE_STRING "libressl 3.5.3"
| #define PACKAGE_BUGREPORT ""
| #define PACKAGE_URL ""
| #define PACKAGE "libressl"
| #define VERSION "3.5.3"
| #define STDC_HEADERS 1
| #define HAVE_SYS_TYPES_H 1
| #define HAVE_SYS_STAT_H 1
| #define HAVE_STDLIB_H 1
| #define HAVE_STRING_H 1
| #define HAVE_MEMORY_H 1
| #define HAVE_STRINGS_H 1
| #define HAVE_INTTYPES_H 1
| #define HAVE_STDINT_H 1
| #define HAVE_UNISTD_H 1
| #define HAVE_DLFCN_H 1
| #define LT_OBJDIR ".libs/"
| #define SIZEOF_TIME_T 8
| #define HAVE_SYMLINK 1
| #define HAVE_ENDIAN_H 1
| #define HAVE_ERR_H 1
| #define HAVE_NETINET_IP_H 1
| #define HAVE_SYS_TYPES_H 1
| #define HAVE_NETINET_IN_H 1
| #define HAVE_ARPA_NAMESER_H 1
| #define HAVE_NETDB_H 1
| #define HAVE_RESOLV_H 1
| #define HAVE_ASPRINTF 1
| /* end confdefs.h.  */
| /* Define freezero to an innocuous variant, in case <limits.h> declares freezero.
|    For example, HP-UX 11i <limits.h> declares gettimeofday.  */
| #define freezero innocuous_freezero
| 
| /* System header to define __stub macros and hopefully few prototypes,
|     which can conflict with char freezero (); below.
|     Prefer <limits.h> to <assert.h> if __STDC__ is defined, since
|     <limits.h> exists even on freestanding compilers.  */
| 
| #ifdef __STDC__
| # include <limits.h>
| #else
| # include <assert.h>
| #endif
| 
| #undef freezero
| 
| /* Override any GCC internal prototype to avoid an error.
|    Use char because int might match the return type of a GCC
|    builtin and then its argument prototype would still apply.  */
| #ifdef __cplusplus
| extern "C"
| #endif
| char freezero ();
| /* The GNU C library defines this for functions which it implements
|     to always fail with ENOSYS.  Some functions are actually named
|     something starting with __ and the normal name is an alias.  */
| #if defined __stub_freezero || defined __stub___freezero
| choke me
| #endif
| 
| int
| main ()
| {
| return freezero ();
|   ;
|   return 0;
| }
configure:12731: result: no
configure:12731: checking for memmem
configure:12731: cc -o conftest.exe -g -O2 -Wall -std=gnu99 -fno-strict-aliasing  -fno-strict-overflow -fstack-protector-strong   -Wno-pointer-sign  -D_FORTIFY_SOURCE=2    conftest.c  >&5
configure:12731: $? = 0
configure:12731: result: yes
configure:12743: checking for readpassphrase
configure:12743: cc -o conftest.exe -g -O2 -Wall -std=gnu99 -fno-strict-aliasing  -fno-strict-overflow -fstack-protector-strong   -Wno-pointer-sign  -D_FORTIFY_SOURCE=2    conftest.c  >&5
/usr/lib/gcc/x86_64-pc-msys/11.3.0/../../../../x86_64-pc-msys/bin/ld: /tmp/ccNbJJD8.o: in function `main':
/c/libressl-3.5.3/conftest.c:69: undefined reference to `readpassphrase'
collect2: error: ld returned 1 exit status
configure:12743: $? = 1
configure: failed program was:
| /* confdefs.h */
| #define PACKAGE_NAME "libressl"
| #define PACKAGE_TARNAME "libressl"
| #define PACKAGE_VERSION "3.5.3"
| #define PACKAGE_STRING "libressl 3.5.3"
| #define PACKAGE_BUGREPORT ""
| #define PACKAGE_URL ""
| #define PACKAGE "libressl"
| #define VERSION "3.5.3"
| #define STDC_HEADERS 1
| #define HAVE_SYS_TYPES_H 1
| #define HAVE_SYS_STAT_H 1
| #define HAVE_STDLIB_H 1
| #define HAVE_STRING_H 1
| #define HAVE_MEMORY_H 1
| #define HAVE_STRINGS_H 1
| #define HAVE_INTTYPES_H 1
| #define HAVE_STDINT_H 1
| #define HAVE_UNISTD_H 1
| #define HAVE_DLFCN_H 1
| #define LT_OBJDIR ".libs/"
| #define SIZEOF_TIME_T 8
| #define HAVE_SYMLINK 1
| #define HAVE_ENDIAN_H 1
| #define HAVE_ERR_H 1
| #define HAVE_NETINET_IP_H 1
| #define HAVE_SYS_TYPES_H 1
| #define HAVE_NETINET_IN_H 1
| #define HAVE_ARPA_NAMESER_H 1
| #define HAVE_NETDB_H 1
| #define HAVE_RESOLV_H 1
| #define HAVE_ASPRINTF 1
| #define HAVE_MEMMEM 1
| /* end confdefs.h.  */
| /* Define readpassphrase to an innocuous variant, in case <limits.h> declares readpassphrase.
|    For example, HP-UX 11i <limits.h> declares gettimeofday.  */
| #define readpassphrase innocuous_readpassphrase
| 
| /* System header to define __stub macros and hopefully few prototypes,
|     which can conflict with char readpassphrase (); below.
|     Prefer <limits.h> to <assert.h> if __STDC__ is defined, since
|     <limits.h> exists even on freestanding compilers.  */
| 
| #ifdef __STDC__
| # include <limits.h>
| #else
| # include <assert.h>
| #endif
| 
| #undef readpassphrase
| 
| /* Override any GCC internal prototype to avoid an error.
|    Use char because int might match the return type of a GCC
|    builtin and then its argument prototype would still apply.  */
| #ifdef __cplusplus
| extern "C"
| #endif
| char readpassphrase ();
| /* The GNU C library defines this for functions which it implements
|     to always fail with ENOSYS.  Some functions are actually named
|     something starting with __ and the normal name is an alias.  */
| #if defined __stub_readpassphrase || defined __stub___readpassphrase
| choke me
| #endif
| 
| int
| main ()
| {
| return readpassphrase ();
|   ;
|   return 0;
| }
configure:12743: result: no
configure:12743: checking for reallocarray
configure:12743: cc -o conftest.exe -g -O2 -Wall -std=gnu99 -fno-strict-aliasing  -fno-strict-overflow -fstack-protector-strong   -Wno-pointer-sign  -D_FORTIFY_SOURCE=2    conftest.c  >&5
configure:12743: $? = 0
configure:12743: result: yes
configure:12743: checking for recallocarray
configure:12743: cc -o conftest.exe -g -O2 -Wall -std=gnu99 -fno-strict-aliasing  -fno-strict-overflow -fstack-protector-strong   -Wno-pointer-sign  -D_FORTIFY_SOURCE=2    conftest.c  >&5
/usr/lib/gcc/x86_64-pc-msys/11.3.0/../../../../x86_64-pc-msys/bin/ld: /tmp/ccG0yPTn.o: in function `main':
/c/libressl-3.5.3/conftest.c:70: undefined reference to `recallocarray'
collect2: error: ld returned 1 exit status
configure:12743: $? = 1
configure: failed program was:
| /* confdefs.h */
| #define PACKAGE_NAME "libressl"
| #define PACKAGE_TARNAME "libressl"
| #define PACKAGE_VERSION "3.5.3"
| #define PACKAGE_STRING "libressl 3.5.3"
| #define PACKAGE_BUGREPORT ""
| #define PACKAGE_URL ""
| #define PACKAGE "libressl"
| #define VERSION "3.5.3"
| #define STDC_HEADERS 1
| #define HAVE_SYS_TYPES_H 1
| #define HAVE_SYS_STAT_H 1
| #define HAVE_STDLIB_H 1
| #define HAVE_STRING_H 1
| #define HAVE_MEMORY_H 1
| #define HAVE_STRINGS_H 1
| #define HAVE_INTTYPES_H 1
| #define HAVE_STDINT_H 1
| #define HAVE_UNISTD_H 1
| #define HAVE_DLFCN_H 1
| #define LT_OBJDIR ".libs/"
| #define SIZEOF_TIME_T 8
| #define HAVE_SYMLINK 1
| #define HAVE_ENDIAN_H 1
| #define HAVE_ERR_H 1
| #define HAVE_NETINET_IP_H 1
| #define HAVE_SYS_TYPES_H 1
| #define HAVE_NETINET_IN_H 1
| #define HAVE_ARPA_NAMESER_H 1
| #define HAVE_NETDB_H 1
| #define HAVE_RESOLV_H 1
| #define HAVE_ASPRINTF 1
| #define HAVE_MEMMEM 1
| #define HAVE_REALLOCARRAY 1
| /* end confdefs.h.  */
| /* Define recallocarray to an innocuous variant, in case <limits.h> declares recallocarray.
|    For example, HP-UX 11i <limits.h> declares gettimeofday.  */
| #define recallocarray innocuous_recallocarray
| 
| /* System header to define __stub macros and hopefully few prototypes,
|     which can conflict with char recallocarray (); below.
|     Prefer <limits.h> to <assert.h> if __STDC__ is defined, since
|     <limits.h> exists even on freestanding compilers.  */
| 
| #ifdef __STDC__
| # include <limits.h>
| #else
| # include <assert.h>
| #endif
| 
| #undef recallocarray
| 
| /* Override any GCC internal prototype to avoid an error.
|    Use char because int might match the return type of a GCC
|    builtin and then its argument prototype would still apply.  */
| #ifdef __cplusplus
| extern "C"
| #endif
| char recallocarray ();
| /* The GNU C library defines this for functions which it implements
|     to always fail with ENOSYS.  Some functions are actually named
|     something starting with __ and the normal name is an alias.  */
| #if defined __stub_recallocarray || defined __stub___recallocarray
| choke me
| #endif
| 
| int
| main ()
| {
| return recallocarray ();
|   ;
|   return 0;
| }
configure:12743: result: no
configure:12755: checking for strlcat
configure:12755: cc -o conftest.exe -g -O2 -Wall -std=gnu99 -fno-strict-aliasing  -fno-strict-overflow -fstack-protector-strong   -Wno-pointer-sign  -D_FORTIFY_SOURCE=2    conftest.c  >&5
configure:12755: $? = 0
configure:12755: result: yes
configure:12755: checking for strlcpy
configure:12755: cc -o conftest.exe -g -O2 -Wall -std=gnu99 -fno-strict-aliasing  -fno-strict-overflow -fstack-protector-strong   -Wno-pointer-sign  -D_FORTIFY_SOURCE=2    conftest.c  >&5
configure:12755: $? = 0
configure:12755: result: yes
configure:12755: checking for strndup
configure:12755: cc -o conftest.exe -g -O2 -Wall -std=gnu99 -fno-strict-aliasing  -fno-strict-overflow -fstack-protector-strong   -Wno-pointer-sign  -D_FORTIFY_SOURCE=2    conftest.c  >&5
conftest.c:61:6: warning: conflicting types for built-in function 'strndup'; expected 'char *(const char *, long unsigned int)' [-Wbuiltin-declaration-mismatch]
   61 | char strndup ();
      |      ^~~~~~~
configure:12755: $? = 0
configure:12755: result: yes
configure:12755: checking for strnlen
configure:12755: cc -o conftest.exe -g -O2 -Wall -std=gnu99 -fno-strict-aliasing  -fno-strict-overflow -fstack-protector-strong   -Wno-pointer-sign  -D_FORTIFY_SOURCE=2    conftest.c  >&5
conftest.c:62:6: warning: conflicting types for built-in function 'strnlen'; expected 'long unsigned int(const char *, long unsigned int)' [-Wbuiltin-declaration-mismatch]
   62 | char strnlen ();
      |      ^~~~~~~
configure:12755: $? = 0
configure:12755: result: yes
configure:12755: checking for strsep
configure:12755: cc -o conftest.exe -g -O2 -Wall -std=gnu99 -fno-strict-aliasing  -fno-strict-overflow -fstack-protector-strong   -Wno-pointer-sign  -D_FORTIFY_SOURCE=2    conftest.c  >&5
configure:12755: $? = 0
configure:12755: result: yes
configure:12755: checking for strtonum
configure:12755: cc -o conftest.exe -g -O2 -Wall -std=gnu99 -fno-strict-aliasing  -fno-strict-overflow -fstack-protector-strong   -Wno-pointer-sign  -D_FORTIFY_SOURCE=2    conftest.c  >&5
/usr/lib/gcc/x86_64-pc-msys/11.3.0/../../../../x86_64-pc-msys/bin/ld: /tmp/cc0YAtev.o: in function `main':
/c/libressl-3.5.3/conftest.c:75: undefined reference to `strtonum'
collect2: error: ld returned 1 exit status
configure:12755: $? = 1
configure: failed program was:
| /* confdefs.h */
| #define PACKAGE_NAME "libressl"
| #define PACKAGE_TARNAME "libressl"
| #define PACKAGE_VERSION "3.5.3"
| #define PACKAGE_STRING "libressl 3.5.3"
| #define PACKAGE_BUGREPORT ""
| #define PACKAGE_URL ""
| #define PACKAGE "libressl"
| #define VERSION "3.5.3"
| #define STDC_HEADERS 1
| #define HAVE_SYS_TYPES_H 1
| #define HAVE_SYS_STAT_H 1
| #define HAVE_STDLIB_H 1
| #define HAVE_STRING_H 1
| #define HAVE_MEMORY_H 1
| #define HAVE_STRINGS_H 1
| #define HAVE_INTTYPES_H 1
| #define HAVE_STDINT_H 1
| #define HAVE_UNISTD_H 1
| #define HAVE_DLFCN_H 1
| #define LT_OBJDIR ".libs/"
| #define SIZEOF_TIME_T 8
| #define HAVE_SYMLINK 1
| #define HAVE_ENDIAN_H 1
| #define HAVE_ERR_H 1
| #define HAVE_NETINET_IP_H 1
| #define HAVE_SYS_TYPES_H 1
| #define HAVE_NETINET_IN_H 1
| #define HAVE_ARPA_NAMESER_H 1
| #define HAVE_NETDB_H 1
| #define HAVE_RESOLV_H 1
| #define HAVE_ASPRINTF 1
| #define HAVE_MEMMEM 1
| #define HAVE_REALLOCARRAY 1
| #define HAVE_STRLCAT 1
| #define HAVE_STRLCPY 1
| #define HAVE_STRNDUP 1
| #define HAVE_STRNLEN 1
| #define HAVE_STRSEP 1
| /* end confdefs.h.  */
| /* Define strtonum to an innocuous variant, in case <limits.h> declares strtonum.
|    For example, HP-UX 11i <limits.h> declares gettimeofday.  */
| #define strtonum innocuous_strtonum
| 
| /* System header to define __stub macros and hopefully few prototypes,
|     which can conflict with char strtonum (); below.
|     Prefer <limits.h> to <assert.h> if __STDC__ is defined, since
|     <limits.h> exists even on freestanding compilers.  */
| 
| #ifdef __STDC__
| # include <limits.h>
| #else
| # include <assert.h>
| #endif
| 
| #undef strtonum
| 
| /* Override any GCC internal prototype to avoid an error.
|    Use char because int might match the return type of a GCC
|    builtin and then its argument prototype would still apply.  */
| #ifdef __cplusplus
| extern "C"
| #endif
| char strtonum ();
| /* The GNU C library defines this for functions which it implements
|     to always fail with ENOSYS.  Some functions are actually named
|     something starting with __ and the normal name is an alias.  */
| #if defined __stub_strtonum || defined __stub___strtonum
| choke me
| #endif
| 
| int
| main ()
| {
| return strtonum ();
|   ;
|   return 0;
| }
configure:12755: result: no
configure:12767: checking for timegm
configure:12767: cc -o conftest.exe -g -O2 -Wall -std=gnu99 -fno-strict-aliasing  -fno-strict-overflow -fstack-protector-strong   -Wno-pointer-sign  -D_FORTIFY_SOURCE=2    conftest.c  >&5
configure:12767: $? = 0
configure:12767: result: yes
configure:12767: checking for _mkgmtime
configure:12767: cc -o conftest.exe -g -O2 -Wall -std=gnu99 -fno-strict-aliasing  -fno-strict-overflow -fstack-protector-strong   -Wno-pointer-sign  -D_FORTIFY_SOURCE=2    conftest.c  >&5
/usr/lib/gcc/x86_64-pc-msys/11.3.0/../../../../x86_64-pc-msys/bin/ld: /tmp/ccteEAvC.o: in function `main':
/c/libressl-3.5.3/conftest.c:76: undefined reference to `_mkgmtime'
collect2: error: ld returned 1 exit status
configure:12767: $? = 1
configure: failed program was:
| /* confdefs.h */
| #define PACKAGE_NAME "libressl"
| #define PACKAGE_TARNAME "libressl"
| #define PACKAGE_VERSION "3.5.3"
| #define PACKAGE_STRING "libressl 3.5.3"
| #define PACKAGE_BUGREPORT ""
| #define PACKAGE_URL ""
| #define PACKAGE "libressl"
| #define VERSION "3.5.3"
| #define STDC_HEADERS 1
| #define HAVE_SYS_TYPES_H 1
| #define HAVE_SYS_STAT_H 1
| #define HAVE_STDLIB_H 1
| #define HAVE_STRING_H 1
| #define HAVE_MEMORY_H 1
| #define HAVE_STRINGS_H 1
| #define HAVE_INTTYPES_H 1
| #define HAVE_STDINT_H 1
| #define HAVE_UNISTD_H 1
| #define HAVE_DLFCN_H 1
| #define LT_OBJDIR ".libs/"
| #define SIZEOF_TIME_T 8
| #define HAVE_SYMLINK 1
| #define HAVE_ENDIAN_H 1
| #define HAVE_ERR_H 1
| #define HAVE_NETINET_IP_H 1
| #define HAVE_SYS_TYPES_H 1
| #define HAVE_NETINET_IN_H 1
| #define HAVE_ARPA_NAMESER_H 1
| #define HAVE_NETDB_H 1
| #define HAVE_RESOLV_H 1
| #define HAVE_ASPRINTF 1
| #define HAVE_MEMMEM 1
| #define HAVE_REALLOCARRAY 1
| #define HAVE_STRLCAT 1
| #define HAVE_STRLCPY 1
| #define HAVE_STRNDUP 1
| #define HAVE_STRNLEN 1
| #define HAVE_STRSEP 1
| #define HAVE_TIMEGM 1
| /* end confdefs.h.  */
| /* Define _mkgmtime to an innocuous variant, in case <limits.h> declares _mkgmtime.
|    For example, HP-UX 11i <limits.h> declares gettimeofday.  */
| #define _mkgmtime innocuous__mkgmtime
| 
| /* System header to define __stub macros and hopefully few prototypes,
|     which can conflict with char _mkgmtime (); below.
|     Prefer <limits.h> to <assert.h> if __STDC__ is defined, since
|     <limits.h> exists even on freestanding compilers.  */
| 
| #ifdef __STDC__
| # include <limits.h>
| #else
| # include <assert.h>
| #endif
| 
| #undef _mkgmtime
| 
| /* Override any GCC internal prototype to avoid an error.
|    Use char because int might match the return type of a GCC
|    builtin and then its argument prototype would still apply.  */
| #ifdef __cplusplus
| extern "C"
| #endif
| char _mkgmtime ();
| /* The GNU C library defines this for functions which it implements
|     to always fail with ENOSYS.  Some functions are actually named
|     something starting with __ and the normal name is an alias.  */
| #if defined __stub__mkgmtime || defined __stub____mkgmtime
| choke me
| #endif
| 
| int
| main ()
| {
| return _mkgmtime ();
|   ;
|   return 0;
| }
configure:12767: result: no
configure:12767: checking for timespecsub
configure:12767: cc -o conftest.exe -g -O2 -Wall -std=gnu99 -fno-strict-aliasing  -fno-strict-overflow -fstack-protector-strong   -Wno-pointer-sign  -D_FORTIFY_SOURCE=2    conftest.c  >&5
/usr/lib/gcc/x86_64-pc-msys/11.3.0/../../../../x86_64-pc-msys/bin/ld: /tmp/ccKeW66t.o: in function `main':
/c/libressl-3.5.3/conftest.c:76: undefined reference to `timespecsub'
collect2: error: ld returned 1 exit status
configure:12767: $? = 1
configure: failed program was:
| /* confdefs.h */
| #define PACKAGE_NAME "libressl"
| #define PACKAGE_TARNAME "libressl"
| #define PACKAGE_VERSION "3.5.3"
| #define PACKAGE_STRING "libressl 3.5.3"
| #define PACKAGE_BUGREPORT ""
| #define PACKAGE_URL ""
| #define PACKAGE "libressl"
| #define VERSION "3.5.3"
| #define STDC_HEADERS 1
| #define HAVE_SYS_TYPES_H 1
| #define HAVE_SYS_STAT_H 1
| #define HAVE_STDLIB_H 1
| #define HAVE_STRING_H 1
| #define HAVE_MEMORY_H 1
| #define HAVE_STRINGS_H 1
| #define HAVE_INTTYPES_H 1
| #define HAVE_STDINT_H 1
| #define HAVE_UNISTD_H 1
| #define HAVE_DLFCN_H 1
| #define LT_OBJDIR ".libs/"
| #define SIZEOF_TIME_T 8
| #define HAVE_SYMLINK 1
| #define HAVE_ENDIAN_H 1
| #define HAVE_ERR_H 1
| #define HAVE_NETINET_IP_H 1
| #define HAVE_SYS_TYPES_H 1
| #define HAVE_NETINET_IN_H 1
| #define HAVE_ARPA_NAMESER_H 1
| #define HAVE_NETDB_H 1
| #define HAVE_RESOLV_H 1
| #define HAVE_ASPRINTF 1
| #define HAVE_MEMMEM 1
| #define HAVE_REALLOCARRAY 1
| #define HAVE_STRLCAT 1
| #define HAVE_STRLCPY 1
| #define HAVE_STRNDUP 1
| #define HAVE_STRNLEN 1
| #define HAVE_STRSEP 1
| #define HAVE_TIMEGM 1
| /* end confdefs.h.  */
| /* Define timespecsub to an innocuous variant, in case <limits.h> declares timespecsub.
|    For example, HP-UX 11i <limits.h> declares gettimeofday.  */
| #define timespecsub innocuous_timespecsub
| 
| /* System header to define __stub macros and hopefully few prototypes,
|     which can conflict with char timespecsub (); below.
|     Prefer <limits.h> to <assert.h> if __STDC__ is defined, since
|     <limits.h> exists even on freestanding compilers.  */
| 
| #ifdef __STDC__
| # include <limits.h>
| #else
| # include <assert.h>
| #endif
| 
| #undef timespecsub
| 
| /* Override any GCC internal prototype to avoid an error.
|    Use char because int might match the return type of a GCC
|    builtin and then its argument prototype would still apply.  */
| #ifdef __cplusplus
| extern "C"
| #endif
| char timespecsub ();
| /* The GNU C library defines this for functions which it implements
|     to always fail with ENOSYS.  Some functions are actually named
|     something starting with __ and the normal name is an alias.  */
| #if defined __stub_timespecsub || defined __stub___timespecsub
| choke me
| #endif
| 
| int
| main ()
| {
| return timespecsub ();
|   ;
|   return 0;
| }
configure:12767: result: no
configure:12779: checking for getprogname
configure:12779: cc -o conftest.exe -g -O2 -Wall -std=gnu99 -fno-strict-aliasing  -fno-strict-overflow -fstack-protector-strong   -Wno-pointer-sign  -D_FORTIFY_SOURCE=2    conftest.c  >&5
configure:12779: $? = 0
configure:12779: result: yes
configure:12779: checking for syslog
configure:12779: cc -o conftest.exe -g -O2 -Wall -std=gnu99 -fno-strict-aliasing  -fno-strict-overflow -fstack-protector-strong   -Wno-pointer-sign  -D_FORTIFY_SOURCE=2    conftest.c  >&5
configure:12779: $? = 0
configure:12779: result: yes
configure:12779: checking for syslog_r
configure:12779: cc -o conftest.exe -g -O2 -Wall -std=gnu99 -fno-strict-aliasing  -fno-strict-overflow -fstack-protector-strong   -Wno-pointer-sign  -D_FORTIFY_SOURCE=2    conftest.c  >&5
/usr/lib/gcc/x86_64-pc-msys/11.3.0/../../../../x86_64-pc-msys/bin/ld: /tmp/cc53ebXW.o: in function `main':
/c/libressl-3.5.3/conftest.c:78: undefined reference to `syslog_r'
collect2: error: ld returned 1 exit status
configure:12779: $? = 1
configure: failed program was:
| /* confdefs.h */
| #define PACKAGE_NAME "libressl"
| #define PACKAGE_TARNAME "libressl"
| #define PACKAGE_VERSION "3.5.3"
| #define PACKAGE_STRING "libressl 3.5.3"
| #define PACKAGE_BUGREPORT ""
| #define PACKAGE_URL ""
| #define PACKAGE "libressl"
| #define VERSION "3.5.3"
| #define STDC_HEADERS 1
| #define HAVE_SYS_TYPES_H 1
| #define HAVE_SYS_STAT_H 1
| #define HAVE_STDLIB_H 1
| #define HAVE_STRING_H 1
| #define HAVE_MEMORY_H 1
| #define HAVE_STRINGS_H 1
| #define HAVE_INTTYPES_H 1
| #define HAVE_STDINT_H 1
| #define HAVE_UNISTD_H 1
| #define HAVE_DLFCN_H 1
| #define LT_OBJDIR ".libs/"
| #define SIZEOF_TIME_T 8
| #define HAVE_SYMLINK 1
| #define HAVE_ENDIAN_H 1
| #define HAVE_ERR_H 1
| #define HAVE_NETINET_IP_H 1
| #define HAVE_SYS_TYPES_H 1
| #define HAVE_NETINET_IN_H 1
| #define HAVE_ARPA_NAMESER_H 1
| #define HAVE_NETDB_H 1
| #define HAVE_RESOLV_H 1
| #define HAVE_ASPRINTF 1
| #define HAVE_MEMMEM 1
| #define HAVE_REALLOCARRAY 1
| #define HAVE_STRLCAT 1
| #define HAVE_STRLCPY 1
| #define HAVE_STRNDUP 1
| #define HAVE_STRNLEN 1
| #define HAVE_STRSEP 1
| #define HAVE_TIMEGM 1
| #define HAVE_GETPROGNAME 1
| #define HAVE_SYSLOG 1
| /* end confdefs.h.  */
| /* Define syslog_r to an innocuous variant, in case <limits.h> declares syslog_r.
|    For example, HP-UX 11i <limits.h> declares gettimeofday.  */
| #define syslog_r innocuous_syslog_r
| 
| /* System header to define __stub macros and hopefully few prototypes,
|     which can conflict with char syslog_r (); below.
|     Prefer <limits.h> to <assert.h> if __STDC__ is defined, since
|     <limits.h> exists even on freestanding compilers.  */
| 
| #ifdef __STDC__
| # include <limits.h>
| #else
| # include <assert.h>
| #endif
| 
| #undef syslog_r
| 
| /* Override any GCC internal prototype to avoid an error.
|    Use char because int might match the return type of a GCC
|    builtin and then its argument prototype would still apply.  */
| #ifdef __cplusplus
| extern "C"
| #endif
| char syslog_r ();
| /* The GNU C library defines this for functions which it implements
|     to always fail with ENOSYS.  Some functions are actually named
|     something starting with __ and the normal name is an alias.  */
| #if defined __stub_syslog_r || defined __stub___syslog_r
| choke me
| #endif
| 
| int
| main ()
| {
| return syslog_r ();
|   ;
|   return 0;
| }
configure:12779: result: no
configure:12788: checking for getpagesize
configure:12809: cc -o conftest.exe -g -O2 -Wall -std=gnu99 -fno-strict-aliasing  -fno-strict-overflow -fstack-protector-strong   -Wno-pointer-sign  -D_FORTIFY_SOURCE=2    conftest.c  >&5
configure:12809: $? = 0
configure:12819: result: yes
configure:12962: checking for accept4
configure:12962: cc -o conftest.exe -g -O2 -Wall -std=gnu99 -fno-strict-aliasing  -fno-strict-overflow -fstack-protector-strong   -Wno-pointer-sign  -D_FORTIFY_SOURCE=2    conftest.c  >&5
configure:12962: $? = 0
configure:12962: result: yes
configure:12962: checking for pipe2
configure:12962: cc -o conftest.exe -g -O2 -Wall -std=gnu99 -fno-strict-aliasing  -fno-strict-overflow -fstack-protector-strong   -Wno-pointer-sign  -D_FORTIFY_SOURCE=2    conftest.c  >&5
configure:12962: $? = 0
configure:12962: result: yes
configure:12962: checking for pledge
configure:12962: cc -o conftest.exe -g -O2 -Wall -std=gnu99 -fno-strict-aliasing  -fno-strict-overflow -fstack-protector-strong   -Wno-pointer-sign  -D_FORTIFY_SOURCE=2    conftest.c  >&5
/usr/lib/gcc/x86_64-pc-msys/11.3.0/../../../../x86_64-pc-msys/bin/ld: /tmp/cc2TivNH.o: in function `main':
/c/libressl-3.5.3/conftest.c:80: undefined reference to `pledge'
collect2: error: ld returned 1 exit status
configure:12962: $? = 1
configure: failed program was:
| /* confdefs.h */
| #define PACKAGE_NAME "libressl"
| #define PACKAGE_TARNAME "libressl"
| #define PACKAGE_VERSION "3.5.3"
| #define PACKAGE_STRING "libressl 3.5.3"
| #define PACKAGE_BUGREPORT ""
| #define PACKAGE_URL ""
| #define PACKAGE "libressl"
| #define VERSION "3.5.3"
| #define STDC_HEADERS 1
| #define HAVE_SYS_TYPES_H 1
| #define HAVE_SYS_STAT_H 1
| #define HAVE_STDLIB_H 1
| #define HAVE_STRING_H 1
| #define HAVE_MEMORY_H 1
| #define HAVE_STRINGS_H 1
| #define HAVE_INTTYPES_H 1
| #define HAVE_STDINT_H 1
| #define HAVE_UNISTD_H 1
| #define HAVE_DLFCN_H 1
| #define LT_OBJDIR ".libs/"
| #define SIZEOF_TIME_T 8
| #define HAVE_SYMLINK 1
| #define HAVE_ENDIAN_H 1
| #define HAVE_ERR_H 1
| #define HAVE_NETINET_IP_H 1
| #define HAVE_SYS_TYPES_H 1
| #define HAVE_NETINET_IN_H 1
| #define HAVE_ARPA_NAMESER_H 1
| #define HAVE_NETDB_H 1
| #define HAVE_RESOLV_H 1
| #define HAVE_ASPRINTF 1
| #define HAVE_MEMMEM 1
| #define HAVE_REALLOCARRAY 1
| #define HAVE_STRLCAT 1
| #define HAVE_STRLCPY 1
| #define HAVE_STRNDUP 1
| #define HAVE_STRNLEN 1
| #define HAVE_STRSEP 1
| #define HAVE_TIMEGM 1
| #define HAVE_GETPROGNAME 1
| #define HAVE_SYSLOG 1
| #define HAVE_ACCEPT4 1
| #define HAVE_PIPE2 1
| /* end confdefs.h.  */
| /* Define pledge to an innocuous variant, in case <limits.h> declares pledge.
|    For example, HP-UX 11i <limits.h> declares gettimeofday.  */
| #define pledge innocuous_pledge
| 
| /* System header to define __stub macros and hopefully few prototypes,
|     which can conflict with char pledge (); below.
|     Prefer <limits.h> to <assert.h> if __STDC__ is defined, since
|     <limits.h> exists even on freestanding compilers.  */
| 
| #ifdef __STDC__
| # include <limits.h>
| #else
| # include <assert.h>
| #endif
| 
| #undef pledge
| 
| /* Override any GCC internal prototype to avoid an error.
|    Use char because int might match the return type of a GCC
|    builtin and then its argument prototype would still apply.  */
| #ifdef __cplusplus
| extern "C"
| #endif
| char pledge ();
| /* The GNU C library defines this for functions which it implements
|     to always fail with ENOSYS.  Some functions are actually named
|     something starting with __ and the normal name is an alias.  */
| #if defined __stub_pledge || defined __stub___pledge
| choke me
| #endif
| 
| int
| main ()
| {
| return pledge ();
|   ;
|   return 0;
| }
configure:12962: result: no
configure:12962: checking for poll
configure:12962: cc -o conftest.exe -g -O2 -Wall -std=gnu99 -fno-strict-aliasing  -fno-strict-overflow -fstack-protector-strong   -Wno-pointer-sign  -D_FORTIFY_SOURCE=2    conftest.c  >&5
configure:12962: $? = 0
configure:12962: result: yes
configure:12962: checking for socketpair
configure:12962: cc -o conftest.exe -g -O2 -Wall -std=gnu99 -fno-strict-aliasing  -fno-strict-overflow -fstack-protector-strong   -Wno-pointer-sign  -D_FORTIFY_SOURCE=2    conftest.c  >&5
configure:12962: $? = 0
configure:12962: result: yes
configure:13017: checking for arc4random
configure:13017: cc -o conftest.exe -g -O2 -Wall -std=gnu99 -fno-strict-aliasing  -fno-strict-overflow -fstack-protector-strong   -Wno-pointer-sign  -D_FORTIFY_SOURCE=2    conftest.c  >&5
configure:13017: $? = 0
configure:13017: result: yes
configure:13017: checking for arc4random_buf
configure:13017: cc -o conftest.exe -g -O2 -Wall -std=gnu99 -fno-strict-aliasing  -fno-strict-overflow -fstack-protector-strong   -Wno-pointer-sign  -D_FORTIFY_SOURCE=2    conftest.c  >&5
configure:13017: $? = 0
configure:13017: result: yes
configure:13017: checking for arc4random_uniform
configure:13017: cc -o conftest.exe -g -O2 -Wall -std=gnu99 -fno-strict-aliasing  -fno-strict-overflow -fstack-protector-strong   -Wno-pointer-sign  -D_FORTIFY_SOURCE=2    conftest.c  >&5
configure:13017: $? = 0
configure:13017: result: yes
configure:13029: checking for explicit_bzero
configure:13029: cc -o conftest.exe -g -O2 -Wall -std=gnu99 -fno-strict-aliasing  -fno-strict-overflow -fstack-protector-strong   -Wno-pointer-sign  -D_FORTIFY_SOURCE=2    conftest.c  >&5
configure:13029: $? = 0
configure:13029: result: yes
configure:13029: checking for getauxval
configure:13029: cc -o conftest.exe -g -O2 -Wall -std=gnu99 -fno-strict-aliasing  -fno-strict-overflow -fstack-protector-strong   -Wno-pointer-sign  -D_FORTIFY_SOURCE=2    conftest.c  >&5
/usr/lib/gcc/x86_64-pc-msys/11.3.0/../../../../x86_64-pc-msys/bin/ld: /tmp/ccNyl429.o: in function `main':
/c/libressl-3.5.3/conftest.c:86: undefined reference to `getauxval'
collect2: error: ld returned 1 exit status
configure:13029: $? = 1
configure: failed program was:
| /* confdefs.h */
| #define PACKAGE_NAME "libressl"
| #define PACKAGE_TARNAME "libressl"
| #define PACKAGE_VERSION "3.5.3"
| #define PACKAGE_STRING "libressl 3.5.3"
| #define PACKAGE_BUGREPORT ""
| #define PACKAGE_URL ""
| #define PACKAGE "libressl"
| #define VERSION "3.5.3"
| #define STDC_HEADERS 1
| #define HAVE_SYS_TYPES_H 1
| #define HAVE_SYS_STAT_H 1
| #define HAVE_STDLIB_H 1
| #define HAVE_STRING_H 1
| #define HAVE_MEMORY_H 1
| #define HAVE_STRINGS_H 1
| #define HAVE_INTTYPES_H 1
| #define HAVE_STDINT_H 1
| #define HAVE_UNISTD_H 1
| #define HAVE_DLFCN_H 1
| #define LT_OBJDIR ".libs/"
| #define SIZEOF_TIME_T 8
| #define HAVE_SYMLINK 1
| #define HAVE_ENDIAN_H 1
| #define HAVE_ERR_H 1
| #define HAVE_NETINET_IP_H 1
| #define HAVE_SYS_TYPES_H 1
| #define HAVE_NETINET_IN_H 1
| #define HAVE_ARPA_NAMESER_H 1
| #define HAVE_NETDB_H 1
| #define HAVE_RESOLV_H 1
| #define HAVE_ASPRINTF 1
| #define HAVE_MEMMEM 1
| #define HAVE_REALLOCARRAY 1
| #define HAVE_STRLCAT 1
| #define HAVE_STRLCPY 1
| #define HAVE_STRNDUP 1
| #define HAVE_STRNLEN 1
| #define HAVE_STRSEP 1
| #define HAVE_TIMEGM 1
| #define HAVE_GETPROGNAME 1
| #define HAVE_SYSLOG 1
| #define HAVE_ACCEPT4 1
| #define HAVE_PIPE2 1
| #define HAVE_POLL 1
| #define HAVE_SOCKETPAIR 1
| #define HAVE_ARC4RANDOM 1
| #define HAVE_ARC4RANDOM_BUF 1
| #define HAVE_ARC4RANDOM_UNIFORM 1
| #define HAVE_EXPLICIT_BZERO 1
| /* end confdefs.h.  */
| /* Define getauxval to an innocuous variant, in case <limits.h> declares getauxval.
|    For example, HP-UX 11i <limits.h> declares gettimeofday.  */
| #define getauxval innocuous_getauxval
| 
| /* System header to define __stub macros and hopefully few prototypes,
|     which can conflict with char getauxval (); below.
|     Prefer <limits.h> to <assert.h> if __STDC__ is defined, since
|     <limits.h> exists even on freestanding compilers.  */
| 
| #ifdef __STDC__
| # include <limits.h>
| #else
| # include <assert.h>
| #endif
| 
| #undef getauxval
| 
| /* Override any GCC internal prototype to avoid an error.
|    Use char because int might match the return type of a GCC
|    builtin and then its argument prototype would still apply.  */
| #ifdef __cplusplus
| extern "C"
| #endif
| char getauxval ();
| /* The GNU C library defines this for functions which it implements
|     to always fail with ENOSYS.  Some functions are actually named
|     something starting with __ and the normal name is an alias.  */
| #if defined __stub_getauxval || defined __stub___getauxval
| choke me
| #endif
| 
| int
| main ()
| {
| return getauxval ();
|   ;
|   return 0;
| }
configure:13029: result: no
configure:13039: checking for getentropy
configure:13093: cc -o conftest.exe -g -O2 -Wall -std=gnu99 -fno-strict-aliasing  -fno-strict-overflow -fstack-protector-strong   -Wno-pointer-sign  -D_FORTIFY_SOURCE=2    conftest.c  >&5
configure:13093: $? = 0
configure:13103: result: yes
configure:13109: checking for timingsafe_bcmp
configure:13109: cc -o conftest.exe -g -O2 -Wall -std=gnu99 -fno-strict-aliasing  -fno-strict-overflow -fstack-protector-strong   -Wno-pointer-sign  -D_FORTIFY_SOURCE=2    conftest.c  >&5
configure:13109: $? = 0
configure:13109: result: yes
configure:13109: checking for timingsafe_memcmp
configure:13109: cc -o conftest.exe -g -O2 -Wall -std=gnu99 -fno-strict-aliasing  -fno-strict-overflow -fstack-protector-strong   -Wno-pointer-sign  -D_FORTIFY_SOURCE=2    conftest.c  >&5
configure:13109: $? = 0
configure:13109: result: yes
configure:13189: checking for getauxval
configure:13189: result: no
configure:13198: checking for library containing dl_iterate_phdr
configure:13229: cc -o conftest.exe -g -O2 -Wall -std=gnu99 -fno-strict-aliasing  -fno-strict-overflow -fstack-protector-strong   -Wno-pointer-sign  -D_FORTIFY_SOURCE=2    conftest.c  >&5
/usr/lib/gcc/x86_64-pc-msys/11.3.0/../../../../x86_64-pc-msys/bin/ld: /tmp/ccY4OFDe.o: in function `main':
/c/libressl-3.5.3/conftest.c:65: undefined reference to `dl_iterate_phdr'
collect2: error: ld returned 1 exit status
configure:13229: $? = 1
configure: failed program was:
| /* confdefs.h */
| #define PACKAGE_NAME "libressl"
| #define PACKAGE_TARNAME "libressl"
| #define PACKAGE_VERSION "3.5.3"
| #define PACKAGE_STRING "libressl 3.5.3"
| #define PACKAGE_BUGREPORT ""
| #define PACKAGE_URL ""
| #define PACKAGE "libressl"
| #define VERSION "3.5.3"
| #define STDC_HEADERS 1
| #define HAVE_SYS_TYPES_H 1
| #define HAVE_SYS_STAT_H 1
| #define HAVE_STDLIB_H 1
| #define HAVE_STRING_H 1
| #define HAVE_MEMORY_H 1
| #define HAVE_STRINGS_H 1
| #define HAVE_INTTYPES_H 1
| #define HAVE_STDINT_H 1
| #define HAVE_UNISTD_H 1
| #define HAVE_DLFCN_H 1
| #define LT_OBJDIR ".libs/"
| #define SIZEOF_TIME_T 8
| #define HAVE_SYMLINK 1
| #define HAVE_ENDIAN_H 1
| #define HAVE_ERR_H 1
| #define HAVE_NETINET_IP_H 1
| #define HAVE_SYS_TYPES_H 1
| #define HAVE_NETINET_IN_H 1
| #define HAVE_ARPA_NAMESER_H 1
| #define HAVE_NETDB_H 1
| #define HAVE_RESOLV_H 1
| #define HAVE_ASPRINTF 1
| #define HAVE_MEMMEM 1
| #define HAVE_REALLOCARRAY 1
| #define HAVE_STRLCAT 1
| #define HAVE_STRLCPY 1
| #define HAVE_STRNDUP 1
| #define HAVE_STRNLEN 1
| #define HAVE_STRSEP 1
| #define HAVE_TIMEGM 1
| #define HAVE_GETPROGNAME 1
| #define HAVE_SYSLOG 1
| #define HAVE_ACCEPT4 1
| #define HAVE_PIPE2 1
| #define HAVE_POLL 1
| #define HAVE_SOCKETPAIR 1
| #define HAVE_ARC4RANDOM 1
| #define HAVE_ARC4RANDOM_BUF 1
| #define HAVE_ARC4RANDOM_UNIFORM 1
| #define HAVE_EXPLICIT_BZERO 1
| #define HAVE_TIMINGSAFE_BCMP 1
| #define HAVE_TIMINGSAFE_MEMCMP 1
| /* end confdefs.h.  */
| 
| /* Override any GCC internal prototype to avoid an error.
|    Use char because int might match the return type of a GCC
|    builtin and then its argument prototype would still apply.  */
| #ifdef __cplusplus
| extern "C"
| #endif
| char dl_iterate_phdr ();
| int
| main ()
| {
| return dl_iterate_phdr ();
|   ;
|   return 0;
| }
configure:13229: cc -o conftest.exe -g -O2 -Wall -std=gnu99 -fno-strict-aliasing  -fno-strict-overflow -fstack-protector-strong   -Wno-pointer-sign  -D_FORTIFY_SOURCE=2    conftest.c -ldl   >&5
/usr/lib/gcc/x86_64-pc-msys/11.3.0/../../../../x86_64-pc-msys/bin/ld: /tmp/ccUVL8qo.o: in function `main':
/c/libressl-3.5.3/conftest.c:65: undefined reference to `dl_iterate_phdr'
collect2: error: ld returned 1 exit status
configure:13229: $? = 1
configure: failed program was:
| /* confdefs.h */
| #define PACKAGE_NAME "libressl"
| #define PACKAGE_TARNAME "libressl"
| #define PACKAGE_VERSION "3.5.3"
| #define PACKAGE_STRING "libressl 3.5.3"
| #define PACKAGE_BUGREPORT ""
| #define PACKAGE_URL ""
| #define PACKAGE "libressl"
| #define VERSION "3.5.3"
| #define STDC_HEADERS 1
| #define HAVE_SYS_TYPES_H 1
| #define HAVE_SYS_STAT_H 1
| #define HAVE_STDLIB_H 1
| #define HAVE_STRING_H 1
| #define HAVE_MEMORY_H 1
| #define HAVE_STRINGS_H 1
| #define HAVE_INTTYPES_H 1
| #define HAVE_STDINT_H 1
| #define HAVE_UNISTD_H 1
| #define HAVE_DLFCN_H 1
| #define LT_OBJDIR ".libs/"
| #define SIZEOF_TIME_T 8
| #define HAVE_SYMLINK 1
| #define HAVE_ENDIAN_H 1
| #define HAVE_ERR_H 1
| #define HAVE_NETINET_IP_H 1
| #define HAVE_SYS_TYPES_H 1
| #define HAVE_NETINET_IN_H 1
| #define HAVE_ARPA_NAMESER_H 1
| #define HAVE_NETDB_H 1
| #define HAVE_RESOLV_H 1
| #define HAVE_ASPRINTF 1
| #define HAVE_MEMMEM 1
| #define HAVE_REALLOCARRAY 1
| #define HAVE_STRLCAT 1
| #define HAVE_STRLCPY 1
| #define HAVE_STRNDUP 1
| #define HAVE_STRNLEN 1
| #define HAVE_STRSEP 1
| #define HAVE_TIMEGM 1
| #define HAVE_GETPROGNAME 1
| #define HAVE_SYSLOG 1
| #define HAVE_ACCEPT4 1
| #define HAVE_PIPE2 1
| #define HAVE_POLL 1
| #define HAVE_SOCKETPAIR 1
| #define HAVE_ARC4RANDOM 1
| #define HAVE_ARC4RANDOM_BUF 1
| #define HAVE_ARC4RANDOM_UNIFORM 1
| #define HAVE_EXPLICIT_BZERO 1
| #define HAVE_TIMINGSAFE_BCMP 1
| #define HAVE_TIMINGSAFE_MEMCMP 1
| /* end confdefs.h.  */
| 
| /* Override any GCC internal prototype to avoid an error.
|    Use char because int might match the return type of a GCC
|    builtin and then its argument prototype would still apply.  */
| #ifdef __cplusplus
| extern "C"
| #endif
| char dl_iterate_phdr ();
| int
| main ()
| {
| return dl_iterate_phdr ();
|   ;
|   return 0;
| }
configure:13246: result: no
configure:13256: checking for dl_iterate_phdr
configure:13256: cc -o conftest.exe -g -O2 -Wall -std=gnu99 -fno-strict-aliasing  -fno-strict-overflow -fstack-protector-strong   -Wno-pointer-sign  -D_FORTIFY_SOURCE=2    conftest.c  >&5
/usr/lib/gcc/x86_64-pc-msys/11.3.0/../../../../x86_64-pc-msys/bin/ld: /tmp/ccCKRjXr.o: in function `main':
/c/libressl-3.5.3/conftest.c:88: undefined reference to `dl_iterate_phdr'
collect2: error: ld returned 1 exit status
configure:13256: $? = 1
configure: failed program was:
| /* confdefs.h */
| #define PACKAGE_NAME "libressl"
| #define PACKAGE_TARNAME "libressl"
| #define PACKAGE_VERSION "3.5.3"
| #define PACKAGE_STRING "libressl 3.5.3"
| #define PACKAGE_BUGREPORT ""
| #define PACKAGE_URL ""
| #define PACKAGE "libressl"
| #define VERSION "3.5.3"
| #define STDC_HEADERS 1
| #define HAVE_SYS_TYPES_H 1
| #define HAVE_SYS_STAT_H 1
| #define HAVE_STDLIB_H 1
| #define HAVE_STRING_H 1
| #define HAVE_MEMORY_H 1
| #define HAVE_STRINGS_H 1
| #define HAVE_INTTYPES_H 1
| #define HAVE_STDINT_H 1
| #define HAVE_UNISTD_H 1
| #define HAVE_DLFCN_H 1
| #define LT_OBJDIR ".libs/"
| #define SIZEOF_TIME_T 8
| #define HAVE_SYMLINK 1
| #define HAVE_ENDIAN_H 1
| #define HAVE_ERR_H 1
| #define HAVE_NETINET_IP_H 1
| #define HAVE_SYS_TYPES_H 1
| #define HAVE_NETINET_IN_H 1
| #define HAVE_ARPA_NAMESER_H 1
| #define HAVE_NETDB_H 1
| #define HAVE_RESOLV_H 1
| #define HAVE_ASPRINTF 1
| #define HAVE_MEMMEM 1
| #define HAVE_REALLOCARRAY 1
| #define HAVE_STRLCAT 1
| #define HAVE_STRLCPY 1
| #define HAVE_STRNDUP 1
| #define HAVE_STRNLEN 1
| #define HAVE_STRSEP 1
| #define HAVE_TIMEGM 1
| #define HAVE_GETPROGNAME 1
| #define HAVE_SYSLOG 1
| #define HAVE_ACCEPT4 1
| #define HAVE_PIPE2 1
| #define HAVE_POLL 1
| #define HAVE_SOCKETPAIR 1
| #define HAVE_ARC4RANDOM 1
| #define HAVE_ARC4RANDOM_BUF 1
| #define HAVE_ARC4RANDOM_UNIFORM 1
| #define HAVE_EXPLICIT_BZERO 1
| #define HAVE_TIMINGSAFE_BCMP 1
| #define HAVE_TIMINGSAFE_MEMCMP 1
| /* end confdefs.h.  */
| /* Define dl_iterate_phdr to an innocuous variant, in case <limits.h> declares dl_iterate_phdr.
|    For example, HP-UX 11i <limits.h> declares gettimeofday.  */
| #define dl_iterate_phdr innocuous_dl_iterate_phdr
| 
| /* System header to define __stub macros and hopefully few prototypes,
|     which can conflict with char dl_iterate_phdr (); below.
|     Prefer <limits.h> to <assert.h> if __STDC__ is defined, since
|     <limits.h> exists even on freestanding compilers.  */
| 
| #ifdef __STDC__
| # include <limits.h>
| #else
| # include <assert.h>
| #endif
| 
| #undef dl_iterate_phdr
| 
| /* Override any GCC internal prototype to avoid an error.
|    Use char because int might match the return type of a GCC
|    builtin and then its argument prototype would still apply.  */
| #ifdef __cplusplus
| extern "C"
| #endif
| char dl_iterate_phdr ();
| /* The GNU C library defines this for functions which it implements
|     to always fail with ENOSYS.  Some functions are actually named
|     something starting with __ and the normal name is an alias.  */
| #if defined __stub_dl_iterate_phdr || defined __stub___dl_iterate_phdr
| choke me
| #endif
| 
| int
| main ()
| {
| return dl_iterate_phdr ();
|   ;
|   return 0;
| }
configure:13256: result: no
configure:13266: checking for library containing pthread_once
configure:13297: cc -o conftest.exe -g -O2 -Wall -std=gnu99 -fno-strict-aliasing  -fno-strict-overflow -fstack-protector-strong   -Wno-pointer-sign  -D_FORTIFY_SOURCE=2    conftest.c  >&5
configure:13297: $? = 0
configure:13314: result: none required
configure:13322: checking for library containing pthread_mutex_lock
configure:13353: cc -o conftest.exe -g -O2 -Wall -std=gnu99 -fno-strict-aliasing  -fno-strict-overflow -fstack-protector-strong   -Wno-pointer-sign  -D_FORTIFY_SOURCE=2    conftest.c  >&5
configure:13353: $? = 0
configure:13370: result: none required
configure:13378: checking for library containing clock_gettime
configure:13409: cc -o conftest.exe -g -O2 -Wall -std=gnu99 -fno-strict-aliasing  -fno-strict-overflow -fstack-protector-strong   -Wno-pointer-sign  -D_FORTIFY_SOURCE=2    conftest.c  >&5
configure:13409: $? = 0
configure:13426: result: none required
configure:13436: checking for clock_gettime
configure:13436: cc -o conftest.exe -g -O2 -Wall -std=gnu99 -fno-strict-aliasing  -fno-strict-overflow -fstack-protector-strong   -Wno-pointer-sign  -D_FORTIFY_SOURCE=2    conftest.c  >&5
configure:13436: $? = 0
configure:13436: result: yes
configure:13455: checking whether va_copy exists
configure:13475: cc -o conftest.exe -g -O2 -Wall -std=gnu99 -fno-strict-aliasing  -fno-strict-overflow -fstack-protector-strong   -Wno-pointer-sign  -D_FORTIFY_SOURCE=2    conftest.c  >&5
configure:13475: $? = 0
configure:13485: result: yes
configure:13493: checking whether __va_copy exists
configure:13513: cc -o conftest.exe -g -O2 -Wall -std=gnu99 -fno-strict-aliasing  -fno-strict-overflow -fstack-protector-strong   -Wno-pointer-sign  -D_FORTIFY_SOURCE=2    conftest.c  >&5
configure:13513: $? = 0
configure:13523: result: yes
configure:13532: checking for library containing b64_ntop
configure:13563: cc -o conftest.exe -g -O2 -Wall -std=gnu99 -fno-strict-aliasing  -fno-strict-overflow -fstack-protector-strong   -Wno-pointer-sign  -D_FORTIFY_SOURCE=2    conftest.c  >&5
/usr/lib/gcc/x86_64-pc-msys/11.3.0/../../../../x86_64-pc-msys/bin/ld: /tmp/ccdh4tSx.o: in function `main':
/c/libressl-3.5.3/conftest.c:68: undefined reference to `b64_ntop'
collect2: error: ld returned 1 exit status
configure:13563: $? = 1
configure: failed program was:
| /* confdefs.h */
| #define PACKAGE_NAME "libressl"
| #define PACKAGE_TARNAME "libressl"
| #define PACKAGE_VERSION "3.5.3"
| #define PACKAGE_STRING "libressl 3.5.3"
| #define PACKAGE_BUGREPORT ""
| #define PACKAGE_URL ""
| #define PACKAGE "libressl"
| #define VERSION "3.5.3"
| #define STDC_HEADERS 1
| #define HAVE_SYS_TYPES_H 1
| #define HAVE_SYS_STAT_H 1
| #define HAVE_STDLIB_H 1
| #define HAVE_STRING_H 1
| #define HAVE_MEMORY_H 1
| #define HAVE_STRINGS_H 1
| #define HAVE_INTTYPES_H 1
| #define HAVE_STDINT_H 1
| #define HAVE_UNISTD_H 1
| #define HAVE_DLFCN_H 1
| #define LT_OBJDIR ".libs/"
| #define SIZEOF_TIME_T 8
| #define HAVE_SYMLINK 1
| #define HAVE_ENDIAN_H 1
| #define HAVE_ERR_H 1
| #define HAVE_NETINET_IP_H 1
| #define HAVE_SYS_TYPES_H 1
| #define HAVE_NETINET_IN_H 1
| #define HAVE_ARPA_NAMESER_H 1
| #define HAVE_NETDB_H 1
| #define HAVE_RESOLV_H 1
| #define HAVE_ASPRINTF 1
| #define HAVE_MEMMEM 1
| #define HAVE_REALLOCARRAY 1
| #define HAVE_STRLCAT 1
| #define HAVE_STRLCPY 1
| #define HAVE_STRNDUP 1
| #define HAVE_STRNLEN 1
| #define HAVE_STRSEP 1
| #define HAVE_TIMEGM 1
| #define HAVE_GETPROGNAME 1
| #define HAVE_SYSLOG 1
| #define HAVE_ACCEPT4 1
| #define HAVE_PIPE2 1
| #define HAVE_POLL 1
| #define HAVE_SOCKETPAIR 1
| #define HAVE_ARC4RANDOM 1
| #define HAVE_ARC4RANDOM_BUF 1
| #define HAVE_ARC4RANDOM_UNIFORM 1
| #define HAVE_EXPLICIT_BZERO 1
| #define HAVE_TIMINGSAFE_BCMP 1
| #define HAVE_TIMINGSAFE_MEMCMP 1
| #define HAVE_CLOCK_GETTIME 1
| #define HAVE_VA_COPY 1
| #define HAVE___VA_COPY 1
| /* end confdefs.h.  */
| 
| /* Override any GCC internal prototype to avoid an error.
|    Use char because int might match the return type of a GCC
|    builtin and then its argument prototype would still apply.  */
| #ifdef __cplusplus
| extern "C"
| #endif
| char b64_ntop ();
| int
| main ()
| {
| return b64_ntop ();
|   ;
|   return 0;
| }
configure:13563: cc -o conftest.exe -g -O2 -Wall -std=gnu99 -fno-strict-aliasing  -fno-strict-overflow -fstack-protector-strong   -Wno-pointer-sign  -D_FORTIFY_SOURCE=2    conftest.c -lresolv   >&5
/usr/lib/gcc/x86_64-pc-msys/11.3.0/../../../../x86_64-pc-msys/bin/ld: /tmp/ccE1ORn4.o: in function `main':
/c/libressl-3.5.3/conftest.c:68: undefined reference to `b64_ntop'
collect2: error: ld returned 1 exit status
configure:13563: $? = 1
configure: failed program was:
| /* confdefs.h */
| #define PACKAGE_NAME "libressl"
| #define PACKAGE_TARNAME "libressl"
| #define PACKAGE_VERSION "3.5.3"
| #define PACKAGE_STRING "libressl 3.5.3"
| #define PACKAGE_BUGREPORT ""
| #define PACKAGE_URL ""
| #define PACKAGE "libressl"
| #define VERSION "3.5.3"
| #define STDC_HEADERS 1
| #define HAVE_SYS_TYPES_H 1
| #define HAVE_SYS_STAT_H 1
| #define HAVE_STDLIB_H 1
| #define HAVE_STRING_H 1
| #define HAVE_MEMORY_H 1
| #define HAVE_STRINGS_H 1
| #define HAVE_INTTYPES_H 1
| #define HAVE_STDINT_H 1
| #define HAVE_UNISTD_H 1
| #define HAVE_DLFCN_H 1
| #define LT_OBJDIR ".libs/"
| #define SIZEOF_TIME_T 8
| #define HAVE_SYMLINK 1
| #define HAVE_ENDIAN_H 1
| #define HAVE_ERR_H 1
| #define HAVE_NETINET_IP_H 1
| #define HAVE_SYS_TYPES_H 1
| #define HAVE_NETINET_IN_H 1
| #define HAVE_ARPA_NAMESER_H 1
| #define HAVE_NETDB_H 1
| #define HAVE_RESOLV_H 1
| #define HAVE_ASPRINTF 1
| #define HAVE_MEMMEM 1
| #define HAVE_REALLOCARRAY 1
| #define HAVE_STRLCAT 1
| #define HAVE_STRLCPY 1
| #define HAVE_STRNDUP 1
| #define HAVE_STRNLEN 1
| #define HAVE_STRSEP 1
| #define HAVE_TIMEGM 1
| #define HAVE_GETPROGNAME 1
| #define HAVE_SYSLOG 1
| #define HAVE_ACCEPT4 1
| #define HAVE_PIPE2 1
| #define HAVE_POLL 1
| #define HAVE_SOCKETPAIR 1
| #define HAVE_ARC4RANDOM 1
| #define HAVE_ARC4RANDOM_BUF 1
| #define HAVE_ARC4RANDOM_UNIFORM 1
| #define HAVE_EXPLICIT_BZERO 1
| #define HAVE_TIMINGSAFE_BCMP 1
| #define HAVE_TIMINGSAFE_MEMCMP 1
| #define HAVE_CLOCK_GETTIME 1
| #define HAVE_VA_COPY 1
| #define HAVE___VA_COPY 1
| /* end confdefs.h.  */
| 
| /* Override any GCC internal prototype to avoid an error.
|    Use char because int might match the return type of a GCC
|    builtin and then its argument prototype would still apply.  */
| #ifdef __cplusplus
| extern "C"
| #endif
| char b64_ntop ();
| int
| main ()
| {
| return b64_ntop ();
|   ;
|   return 0;
| }
configure:13580: result: no
configure:13588: checking for library containing __b64_ntop
configure:13619: cc -o conftest.exe -g -O2 -Wall -std=gnu99 -fno-strict-aliasing  -fno-strict-overflow -fstack-protector-strong   -Wno-pointer-sign  -D_FORTIFY_SOURCE=2    conftest.c  >&5
configure:13619: $? = 0
configure:13636: result: none required
configure:13644: checking for b64_ntop
configure:13667: cc -o conftest.exe -g -O2 -Wall -std=gnu99 -fno-strict-aliasing  -fno-strict-overflow -fstack-protector-strong   -Wno-pointer-sign  -D_FORTIFY_SOURCE=2    conftest.c  >&5
configure:13667: $? = 0
configure:13677: result: yes
configure:13761: checking if .gnu.warning accepts long strings
configure:13771: cc -o conftest.exe -g -O2 -Wall -std=gnu99 -fno-strict-aliasing  -fno-strict-overflow -fstack-protector-strong   -Wno-pointer-sign  -D_FORTIFY_SOURCE=2    conftest.c  >&5
configure:13771: $? = 0
configure:13776: result: yes
configure:14022: checking that generated files are newer than configure
configure:14028: result: done
configure:14287: creating ./config.status

## ---------------------- ##
## Running config.status. ##
## ---------------------- ##

This file was extended by libressl config.status 3.5.3, which was
generated by GNU Autoconf 2.69.  Invocation command line was

  CONFIG_FILES    = 
  CONFIG_HEADERS  = 
  CONFIG_LINKS    = 
  CONFIG_COMMANDS = 
  $ ./config.status 

on macprolate2013

config.status:1145: creating Makefile
config.status:1145: creating include/Makefile
config.status:1145: creating include/openssl/Makefile
config.status:1145: creating crypto/Makefile
config.status:1145: creating ssl/Makefile
config.status:1145: creating tls/Makefile
config.status:1145: creating tests/Makefile
config.status:1145: creating apps/Makefile
config.status:1145: creating apps/ocspcheck/Makefile
config.status:1145: creating apps/openssl/Makefile
config.status:1145: creating apps/nc/Makefile
config.status:1145: creating man/Makefile
config.status:1145: creating libcrypto.pc
config.status:1145: creating libssl.pc
config.status:1145: creating libtls.pc
config.status:1145: creating openssl.pc
config.status:1317: executing depfiles commands
config.status:1394: cd crypto       && sed -e '/# am--include-marker/d' Makefile         | make -f - am--depfiles
config.status:1399: $? = 0
config.status:1394: cd ssl       && sed -e '/# am--include-marker/d' Makefile         | make -f - am--depfiles
config.status:1399: $? = 0
config.status:1394: cd tls       && sed -e '/# am--include-marker/d' Makefile         | make -f - am--depfiles
config.status:1399: $? = 0
config.status:1394: cd tests       && sed -e '/# am--include-marker/d' Makefile         | make -f - am--depfiles
config.status:1399: $? = 0
config.status:1394: cd apps/ocspcheck       && sed -e '/# am--include-marker/d' Makefile         | make -f - am--depfiles
config.status:1399: $? = 0
config.status:1394: cd apps/openssl       && sed -e '/# am--include-marker/d' Makefile         | make -f - am--depfiles
config.status:1399: $? = 0
config.status:1394: cd apps/nc       && sed -e '/# am--include-marker/d' Makefile         | make -f - am--depfiles
config.status:1399: $? = 0
config.status:1317: executing libtool commands

## ---------------- ##
## Cache variables. ##
## ---------------- ##

ac_cv_build=x86_64-pc-msys
ac_cv_c_compiler_gnu=yes
ac_cv_env_CCASFLAGS_set=
ac_cv_env_CCASFLAGS_value=
ac_cv_env_CCAS_set=
ac_cv_env_CCAS_value=
ac_cv_env_CC_set=
ac_cv_env_CC_value=
ac_cv_env_CFLAGS_set=
ac_cv_env_CFLAGS_value=
ac_cv_env_CPPFLAGS_set=
ac_cv_env_CPPFLAGS_value=
ac_cv_env_CPP_set=
ac_cv_env_CPP_value=
ac_cv_env_LDFLAGS_set=
ac_cv_env_LDFLAGS_value=
ac_cv_env_LIBS_set=
ac_cv_env_LIBS_value=
ac_cv_env_build_alias_set=
ac_cv_env_build_alias_value=
ac_cv_env_host_alias_set=
ac_cv_env_host_alias_value=
ac_cv_env_target_alias_set=
ac_cv_env_target_alias_value=
ac_cv_exeext=.exe
ac_cv_func__mkgmtime=no
ac_cv_func_accept4=yes
ac_cv_func_arc4random=yes
ac_cv_func_arc4random_buf=yes
ac_cv_func_arc4random_uniform=yes
ac_cv_func_asprintf=yes
ac_cv_func_clock_gettime=yes
ac_cv_func_dl_iterate_phdr=no
ac_cv_func_explicit_bzero=yes
ac_cv_func_freezero=no
ac_cv_func_funopen=yes
ac_cv_func_getauxval=no
ac_cv_func_getentropy=yes
ac_cv_func_getpagesize=yes
ac_cv_func_getprogname=yes
ac_cv_func_memmem=yes
ac_cv_func_pipe2=yes
ac_cv_func_pledge=no
ac_cv_func_poll=yes
ac_cv_func_readpassphrase=no
ac_cv_func_reallocarray=yes
ac_cv_func_recallocarray=no
ac_cv_func_socketpair=yes
ac_cv_func_strlcat=yes
ac_cv_func_strlcpy=yes
ac_cv_func_strndup=yes
ac_cv_func_strnlen=yes
ac_cv_func_strsep=yes
ac_cv_func_strtonum=no
ac_cv_func_symlink=yes
ac_cv_func_syslog=yes
ac_cv_func_syslog_r=no
ac_cv_func_timegm=yes
ac_cv_func_timespecsub=no
ac_cv_func_timingsafe_bcmp=yes
ac_cv_func_timingsafe_memcmp=yes
ac_cv_have___va_copy=yes
ac_cv_have_b64_ntop_arg=yes
ac_cv_have_va_copy=yes
ac_cv_header_arpa_nameser_h=yes
ac_cv_header_dlfcn_h=yes
ac_cv_header_endian_h=yes
ac_cv_header_err_h=yes
ac_cv_header_inttypes_h=yes
ac_cv_header_memory_h=yes
ac_cv_header_netdb_h=yes
ac_cv_header_netinet_in_h=yes
ac_cv_header_netinet_ip_h=yes
ac_cv_header_readpassphrase_h=no
ac_cv_header_resolv_h=yes
ac_cv_header_stdc=yes
ac_cv_header_stdint_h=yes
ac_cv_header_stdlib_h=yes
ac_cv_header_string_h=yes
ac_cv_header_strings_h=yes
ac_cv_header_sys_stat_h=yes
ac_cv_header_sys_types_h=yes
ac_cv_header_unistd_h=yes
ac_cv_host=x86_64-pc-msys
ac_cv_objext=o
ac_cv_path_EGREP='/usr/bin/grep -E'
ac_cv_path_FGREP='/usr/bin/grep -F'
ac_cv_path_GREP=/usr/bin/grep
ac_cv_path_SED=/usr/bin/sed
ac_cv_path_install='/usr/bin/install -c'
ac_cv_path_mkdir=/usr/bin/mkdir
ac_cv_prog_AWK=gawk
ac_cv_prog_CPP='cc -E'
ac_cv_prog_ac_ct_AR=ar
ac_cv_prog_ac_ct_CC=cc
ac_cv_prog_ac_ct_DLLTOOL=dlltool
ac_cv_prog_ac_ct_OBJDUMP=objdump
ac_cv_prog_ac_ct_RANLIB=ranlib
ac_cv_prog_ac_ct_STRIP=strip
ac_cv_prog_cc_c89=
ac_cv_prog_cc_g=yes
ac_cv_prog_make_make_set=yes
ac_cv_search___b64_ntop='none required'
ac_cv_search_b64_ntop=no
ac_cv_search_clock_gettime='none required'
ac_cv_search_dl_iterate_phdr=no
ac_cv_search_pthread_mutex_lock='none required'
ac_cv_search_pthread_once='none required'
ac_cv_sizeof_time_t=8
am_cv_CCAS_dependencies_compiler_type=gcc3
am_cv_CC_dependencies_compiler_type=gcc3
am_cv_make_support_nested_variables=yes
am_cv_prog_cc_c_o=yes
ax_cv_check_cflags___Werror=yes
lt_cv_ar_at_file=@
lt_cv_archive_cmds_need_lc=yes
lt_cv_deplibs_check_method=unknown
lt_cv_file_magic_cmd='$MAGIC_CMD'
lt_cv_file_magic_test_file=
lt_cv_ld_reload_flag=-r
lt_cv_nm_interface='BSD nm'
lt_cv_objdir=.libs
lt_cv_path_LD=/usr/x86_64-pc-msys/bin/ld.exe
lt_cv_path_NM='/usr/bin/nm -B'
lt_cv_path_mainfest_tool=no
lt_cv_prog_compiler_c_o=yes
lt_cv_prog_compiler_pic='-fPIC -DPIC'
lt_cv_prog_compiler_pic_works=yes
lt_cv_prog_compiler_rtti_exceptions=no
lt_cv_prog_compiler_static_works=yes
lt_cv_prog_gnu_ld=yes
lt_cv_sharedlib_from_linklib_cmd='printf %s\n'
lt_cv_sys_global_symbol_pipe='sed -n -e '\''s/^.*[	 ]\([ABCDGIRSTW][ABCDGIRSTW]*\)[	 ][	 ]*\([_A-Za-z][_A-Za-z0-9]*\)$/\1 \2 \2/p'\'' | sed '\''/ __gnu_lto/d'\'''
lt_cv_sys_global_symbol_to_c_name_address='sed -n -e '\''s/^: \([^ ]*\)[ ]*$/  {\"\1\", (void *) 0},/p'\'' -e '\''s/^[ABCDGIRSTW]* \([^ ]*\) \([^ ]*\)$/  {"\2", (void *) \&\2},/p'\'''
lt_cv_sys_global_symbol_to_c_name_address_lib_prefix='sed -n -e '\''s/^: \([^ ]*\)[ ]*$/  {\"\1\", (void *) 0},/p'\'' -e '\''s/^[ABCDGIRSTW]* \([^ ]*\) \(lib[^ ]*\)$/  {"\2", (void *) \&\2},/p'\'' -e '\''s/^[ABCDGIRSTW]* \([^ ]*\) \([^ ]*\)$/  {"lib\2", (void *) \&\2},/p'\'''
lt_cv_sys_global_symbol_to_cdecl='sed -n -e '\''s/^T .* \(.*\)$/extern int \1();/p'\'' -e '\''s/^[ABCDGIRSTW]* .* \(.*\)$/extern char \1;/p'\'''
lt_cv_sys_max_cmd_len=24000
lt_cv_to_host_file_cmd=func_convert_file_noop
lt_cv_to_tool_file_cmd=func_convert_file_noop

## ----------------- ##
## Output variables. ##
## ----------------- ##

ACLOCAL='${SHELL} '\''/c/libressl-3.5.3/missing'\'' aclocal-1.16'
AMDEPBACKSLASH='\'
AMDEP_FALSE='#'
AMDEP_TRUE=''
AMTAR='$${TAR-tar}'
AM_BACKSLASH='\'
AM_DEFAULT_V='$(AM_DEFAULT_VERBOSITY)'
AM_DEFAULT_VERBOSITY='0'
AM_V='$(V)'
AR='ar'
AUTOCONF='${SHELL} '\''/c/libressl-3.5.3/missing'\'' autoconf'
AUTOHEADER='${SHELL} '\''/c/libressl-3.5.3/missing'\'' autoheader'
AUTOMAKE='${SHELL} '\''/c/libressl-3.5.3/missing'\'' automake-1.16'
AWK='gawk'
BUILD_CERTHASH_FALSE='#'
BUILD_CERTHASH_TRUE=''
BUILD_NC_FALSE='#'
BUILD_NC_TRUE=''
CC='cc'
CCAS='cc'
CCASDEPMODE='depmode=gcc3'
CCASFLAGS='-g -O2 -Wall -std=gnu99 -fno-strict-aliasing  -fno-strict-overflow -fstack-protector-strong '
CCDEPMODE='depmode=gcc3'
CFLAGS='-g -O2 -Wall -std=gnu99 -fno-strict-aliasing  -fno-strict-overflow -fstack-protector-strong   -Wno-pointer-sign'
CPP='cc -E'
CPPFLAGS=' -D_FORTIFY_SOURCE=2'
CYGPATH_W='cygpath -w'
DEFS='-DPACKAGE_NAME=\"libressl\" -DPACKAGE_TARNAME=\"libressl\" -DPACKAGE_VERSION=\"3.5.3\" -DPACKAGE_STRING=\"libressl\ 3.5.3\" -DPACKAGE_BUGREPORT=\"\" -DPACKAGE_URL=\"\" -DPACKAGE=\"libressl\" -DVERSION=\"3.5.3\" -DSTDC_HEADERS=1 -DHAVE_SYS_TYPES_H=1 -DHAVE_SYS_STAT_H=1 -DHAVE_STDLIB_H=1 -DHAVE_STRING_H=1 -DHAVE_MEMORY_H=1 -DHAVE_STRINGS_H=1 -DHAVE_INTTYPES_H=1 -DHAVE_STDINT_H=1 -DHAVE_UNISTD_H=1 -DHAVE_DLFCN_H=1 -DLT_OBJDIR=\".libs/\" -DSIZEOF_TIME_T=8 -DHAVE_SYMLINK=1 -DHAVE_ENDIAN_H=1 -DHAVE_ERR_H=1 -DHAVE_NETINET_IP_H=1 -DHAVE_SYS_TYPES_H=1 -DHAVE_NETINET_IN_H=1 -DHAVE_ARPA_NAMESER_H=1 -DHAVE_NETDB_H=1 -DHAVE_RESOLV_H=1 -DHAVE_ASPRINTF=1 -DHAVE_MEMMEM=1 -DHAVE_REALLOCARRAY=1 -DHAVE_STRLCAT=1 -DHAVE_STRLCPY=1 -DHAVE_STRNDUP=1 -DHAVE_STRNLEN=1 -DHAVE_STRSEP=1 -DHAVE_TIMEGM=1 -DHAVE_GETPROGNAME=1 -DHAVE_SYSLOG=1 -DHAVE_ACCEPT4=1 -DHAVE_PIPE2=1 -DHAVE_POLL=1 -DHAVE_SOCKETPAIR=1 -DHAVE_ARC4RANDOM=1 -DHAVE_ARC4RANDOM_BUF=1 -DHAVE_ARC4RANDOM_UNIFORM=1 -DHAVE_EXPLICIT_BZERO=1 -DHAVE_TIMINGSAFE_BCMP=1 -DHAVE_TIMINGSAFE_MEMCMP=1 -DHAVE_CLOCK_GETTIME=1 -DHAVE_VA_COPY=1 -DHAVE___VA_COPY=1 -DHAS_GNU_WARNING_LONG=1'
DEPDIR='.deps'
DLLTOOL='dlltool'
DSYMUTIL=''
DUMPBIN=''
ECHO_C=''
ECHO_N='-n'
ECHO_T=''
EGREP='/usr/bin/grep -E'
ENABLE_EXTRATESTS_FALSE=''
ENABLE_EXTRATESTS_TRUE='#'
ENABLE_LIBTLS_ONLY_FALSE=''
ENABLE_LIBTLS_ONLY_TRUE='#'
ENABLE_NC_FALSE=''
ENABLE_NC_TRUE='#'
ENABLE_TESTS_FALSE='#'
ENABLE_TESTS_TRUE=''
EXEEXT='.exe'
FGREP='/usr/bin/grep -F'
GREP='/usr/bin/grep'
HAVE_ACCEPT4_FALSE='#'
HAVE_ACCEPT4_TRUE=''
HAVE_ARC4RANDOM_BUF_FALSE='#'
HAVE_ARC4RANDOM_BUF_TRUE=''
HAVE_ARC4RANDOM_FALSE='#'
HAVE_ARC4RANDOM_TRUE=''
HAVE_ARC4RANDOM_UNIFORM_FALSE='#'
HAVE_ARC4RANDOM_UNIFORM_TRUE=''
HAVE_ASPRINTF_FALSE='#'
HAVE_ASPRINTF_TRUE=''
HAVE_B64_NTOP_FALSE=''
HAVE_B64_NTOP_TRUE='#'
HAVE_CLOCK_GETTIME_FALSE='#'
HAVE_CLOCK_GETTIME_TRUE=''
HAVE_EXPLICIT_BZERO_FALSE='#'
HAVE_EXPLICIT_BZERO_TRUE=''
HAVE_FREEZERO_FALSE=''
HAVE_FREEZERO_TRUE='#'
HAVE_GETENTROPY_FALSE='#'
HAVE_GETENTROPY_TRUE=''
HAVE_GETPAGESIZE_FALSE='#'
HAVE_GETPAGESIZE_TRUE=''
HAVE_GETPROGNAME_FALSE='#'
HAVE_GETPROGNAME_TRUE=''
HAVE_MEMMEM_FALSE='#'
HAVE_MEMMEM_TRUE=''
HAVE_PIPE2_FALSE='#'
HAVE_PIPE2_TRUE=''
HAVE_PLEDGE_FALSE=''
HAVE_PLEDGE_TRUE='#'
HAVE_POLL_FALSE='#'
HAVE_POLL_TRUE=''
HAVE_READPASSPHRASE_FALSE=''
HAVE_READPASSPHRASE_TRUE='#'
HAVE_REALLOCARRAY_FALSE='#'
HAVE_REALLOCARRAY_TRUE=''
HAVE_RECALLOCARRAY_FALSE=''
HAVE_RECALLOCARRAY_TRUE='#'
HAVE_SOCKETPAIR_FALSE='#'
HAVE_SOCKETPAIR_TRUE=''
HAVE_STRLCAT_FALSE='#'
HAVE_STRLCAT_TRUE=''
HAVE_STRLCPY_FALSE='#'
HAVE_STRLCPY_TRUE=''
HAVE_STRNDUP_FALSE='#'
HAVE_STRNDUP_TRUE=''
HAVE_STRNLEN_FALSE='#'
HAVE_STRNLEN_TRUE=''
HAVE_STRSEP_FALSE='#'
HAVE_STRSEP_TRUE=''
HAVE_STRTONUM_FALSE=''
HAVE_STRTONUM_TRUE='#'
HAVE_SYSLOG_FALSE='#'
HAVE_SYSLOG_R_FALSE=''
HAVE_SYSLOG_R_TRUE='#'
HAVE_SYSLOG_TRUE=''
HAVE_TIMEGM_FALSE='#'
HAVE_TIMEGM_TRUE=''
HAVE_TIMINGSAFE_BCMP_FALSE='#'
HAVE_TIMINGSAFE_BCMP_TRUE=''
HAVE_TIMINGSAFE_MEMCMP_FALSE='#'
HAVE_TIMINGSAFE_MEMCMP_TRUE=''
HOST_AIX_FALSE=''
HOST_AIX_TRUE='#'
HOST_ASM_ELF_ARM_FALSE=''
HOST_ASM_ELF_ARM_TRUE='#'
HOST_ASM_ELF_X86_64_FALSE=''
HOST_ASM_ELF_X86_64_TRUE='#'
HOST_ASM_MACOSX_X86_64_FALSE=''
HOST_ASM_MACOSX_X86_64_TRUE='#'
HOST_ASM_MASM_X86_64_FALSE=''
HOST_ASM_MASM_X86_64_TRUE='#'
HOST_ASM_MINGW64_X86_64_FALSE=''
HOST_ASM_MINGW64_X86_64_TRUE='#'
HOST_CPU_IS_INTEL_FALSE='#'
HOST_CPU_IS_INTEL_TRUE=''
HOST_CYGWIN_FALSE=''
HOST_CYGWIN_TRUE='#'
HOST_DARWIN_FALSE=''
HOST_DARWIN_TRUE='#'
HOST_FREEBSD_FALSE=''
HOST_FREEBSD_TRUE='#'
HOST_HPUX_FALSE=''
HOST_HPUX_TRUE='#'
HOST_LINUX_FALSE=''
HOST_LINUX_TRUE='#'
HOST_MIDIPIX_FALSE=''
HOST_MIDIPIX_TRUE='#'
HOST_NETBSD_FALSE=''
HOST_NETBSD_TRUE='#'
HOST_OPENBSD_FALSE=''
HOST_OPENBSD_TRUE='#'
HOST_SOLARIS_FALSE=''
HOST_SOLARIS_TRUE='#'
HOST_WIN_FALSE=''
HOST_WIN_TRUE='#'
INSTALL_DATA='${INSTALL} -m 644'
INSTALL_PROGRAM='${INSTALL}'
INSTALL_SCRIPT='${INSTALL}'
INSTALL_STRIP_PROGRAM='$(install_sh) -c -s'
LD='/usr/x86_64-pc-msys/bin/ld.exe'
LDFLAGS='  '
LIBCRYPTO_VERSION='49:0:0'
LIBOBJS=''
LIBS=''
LIBSSL_VERSION='52:0:0'
LIBTLS_VERSION='25:0:0'
LIBTOOL='$(SHELL) $(top_builddir)/libtool'
LIPO=''
LN_S='cp -pR'
LTLIBOBJS=''
MAKEINFO='${SHELL} '\''/c/libressl-3.5.3/missing'\'' makeinfo'
MANIFEST_TOOL=':'
MKDIR_P='/usr/bin/mkdir -p'
NM='/usr/bin/nm -B'
NMEDIT=''
OBJDUMP='objdump'
OBJEXT='o'
OPENSSLDIR='"C:\Program Files\Common Files\SSL"'
OPENSSLDIR_DEFINED_FALSE=''
OPENSSLDIR_DEFINED_TRUE='#'
OPENSSL_NO_ASM_FALSE=''
OPENSSL_NO_ASM_TRUE='#'
OTOOL64=''
OTOOL=''
PACKAGE='libressl'
PACKAGE_BUGREPORT=''
PACKAGE_NAME='libressl'
PACKAGE_STRING='libressl 3.5.3'
PACKAGE_TARNAME='libressl'
PACKAGE_URL=''
PACKAGE_VERSION='3.5.3'
PATH_SEPARATOR=':'
PLATFORM_LDADD=''
PROG_LDADD=''
RANLIB='ranlib'
SED='/usr/bin/sed'
SET_MAKE=''
SHELL='/bin/sh'
SMALL_TIME_T_FALSE=''
SMALL_TIME_T_TRUE='#'
STRIP='strip'
VERSION='3.5.3'
ac_ct_AR='ar'
ac_ct_CC='cc'
ac_ct_DUMPBIN=''
am__EXEEXT_FALSE='#'
am__EXEEXT_TRUE=''
am__fastdepCCAS_FALSE='#'
am__fastdepCCAS_TRUE=''
am__fastdepCC_FALSE='#'
am__fastdepCC_TRUE=''
am__include='include'
am__isrc=''
am__leading_dot='.'
am__nodep='_no'
am__quote=''
am__tar='$${TAR-tar} chof - "$$tardir"'
am__untar='$${TAR-tar} xf -'
bindir='${exec_prefix}/bin'
build='x86_64-pc-msys'
build_alias='x86_64-pc-msys'
build_cpu='x86_64'
build_os='msys'
build_vendor='pc'
datadir='${datarootdir}'
datarootdir='${prefix}/share'
docdir='${datarootdir}/doc/${PACKAGE_TARNAME}'
dvidir='${docdir}'
exec_prefix='${prefix}'
host='x86_64-pc-msys'
host_alias=''
host_cpu='x86_64'
host_os='msys'
host_vendor='pc'
htmldir='${docdir}'
includedir='${prefix}/include'
infodir='${datarootdir}/info'
install_sh='${SHELL} /c/libressl-3.5.3/install-sh'
libdir='${exec_prefix}/lib'
libexecdir='${exec_prefix}/libexec'
localedir='${datarootdir}/locale'
localstatedir='${prefix}/var'
mandir='${datarootdir}/man'
mkdir_p='$(MKDIR_P)'
oldincludedir='/usr/include'
pdfdir='${docdir}'
prefix='/usr'
program_transform_name='s,x,x,'
psdir='${docdir}'
runstatedir='${localstatedir}/run'
sbindir='${exec_prefix}/sbin'
sharedstatedir='${prefix}/com'
sysconfdir='${prefix}/etc'
target_alias=''

## ----------- ##
## confdefs.h. ##
## ----------- ##

/* confdefs.h */
#define PACKAGE_NAME "libressl"
#define PACKAGE_TARNAME "libressl"
#define PACKAGE_VERSION "3.5.3"
#define PACKAGE_STRING "libressl 3.5.3"
#define PACKAGE_BUGREPORT ""
#define PACKAGE_URL ""
#define PACKAGE "libressl"
#define VERSION "3.5.3"
#define STDC_HEADERS 1
#define HAVE_SYS_TYPES_H 1
#define HAVE_SYS_STAT_H 1
#define HAVE_STDLIB_H 1
#define HAVE_STRING_H 1
#define HAVE_MEMORY_H 1
#define HAVE_STRINGS_H 1
#define HAVE_INTTYPES_H 1
#define HAVE_STDINT_H 1
#define HAVE_UNISTD_H 1
#define HAVE_DLFCN_H 1
#define LT_OBJDIR ".libs/"
#define SIZEOF_TIME_T 8
#define HAVE_SYMLINK 1
#define HAVE_ENDIAN_H 1
#define HAVE_ERR_H 1
#define HAVE_NETINET_IP_H 1
#define HAVE_SYS_TYPES_H 1
#define HAVE_NETINET_IN_H 1
#define HAVE_ARPA_NAMESER_H 1
#define HAVE_NETDB_H 1
#define HAVE_RESOLV_H 1
#define HAVE_ASPRINTF 1
#define HAVE_MEMMEM 1
#define HAVE_REALLOCARRAY 1
#define HAVE_STRLCAT 1
#define HAVE_STRLCPY 1
#define HAVE_STRNDUP 1
#define HAVE_STRNLEN 1
#define HAVE_STRSEP 1
#define HAVE_TIMEGM 1
#define HAVE_GETPROGNAME 1
#define HAVE_SYSLOG 1
#define HAVE_ACCEPT4 1
#define HAVE_PIPE2 1
#define HAVE_POLL 1
#define HAVE_SOCKETPAIR 1
#define HAVE_ARC4RANDOM 1
#define HAVE_ARC4RANDOM_BUF 1
#define HAVE_ARC4RANDOM_UNIFORM 1
#define HAVE_EXPLICIT_BZERO 1
#define HAVE_TIMINGSAFE_BCMP 1
#define HAVE_TIMINGSAFE_MEMCMP 1
#define HAVE_CLOCK_GETTIME 1
#define HAVE_VA_COPY 1
#define HAVE___VA_COPY 1
#define HAS_GNU_WARNING_LONG 1

configure: exit 0
